<?xml version="1.0" encoding="UTF-8"?>
<coverage generated="1780944130372" clover="3.2.0">
  <project timestamp="1780944130373" name="All files">
    <metrics statements="270" coveredstatements="259" conditionals="136" coveredconditionals="125" methods="96" coveredmethods="91" elements="502" coveredelements="475" complexity="0" loc="270" ncloc="270" packages="8" files="31" classes="31"/>
    <package name="adapters.driven.persistence.drizzle.repositories">
      <metrics statements="47" coveredstatements="45" conditionals="32" coveredconditionals="25" methods="29" coveredmethods="29"/>
      <file name="DrizzleCommentRepository.ts" path="C:\Users\Emet_\Documents\Proyectos\taskflow-api\src\adapters\driven\persistence\drizzle\repositories\DrizzleCommentRepository.ts">
        <metrics statements="8" coveredstatements="8" conditionals="2" coveredconditionals="2" methods="5" coveredmethods="5"/>
        <line num="16" count="4" type="stmt"/>
        <line num="19" count="1" type="stmt"/>
        <line num="29" count="3" type="stmt"/>
        <line num="31" count="3" type="cond" truecount="2" falsecount="0"/>
        <line num="32" count="2" type="stmt"/>
        <line num="35" count="1" type="stmt"/>
        <line num="39" count="5" type="stmt"/>
        <line num="52" count="1" type="stmt"/>
      </file>
      <file name="DrizzleProjectRepository.ts" path="C:\Users\Emet_\Documents\Proyectos\taskflow-api\src\adapters\driven\persistence\drizzle\repositories\DrizzleProjectRepository.ts">
        <metrics statements="12" coveredstatements="12" conditionals="4" coveredconditionals="4" methods="8" coveredmethods="8"/>
        <line num="18" count="17" type="stmt"/>
        <line num="21" count="5" type="stmt"/>
        <line num="32" count="3" type="stmt"/>
        <line num="33" count="2" type="stmt"/>
        <line num="45" count="3" type="stmt"/>
        <line num="51" count="3" type="stmt"/>
        <line num="55" count="4" type="stmt"/>
        <line num="57" count="4" type="cond" truecount="2" falsecount="0"/>
        <line num="58" count="1" type="stmt"/>
        <line num="61" count="3" type="stmt"/>
        <line num="65" count="18" type="stmt"/>
        <line num="79" count="1" type="stmt"/>
      </file>
      <file name="DrizzleTaskRepository.ts" path="C:\Users\Emet_\Documents\Proyectos\taskflow-api\src\adapters\driven\persistence\drizzle\repositories\DrizzleTaskRepository.ts">
        <metrics statements="12" coveredstatements="12" conditionals="22" coveredconditionals="17" methods="8" coveredmethods="8"/>
        <line num="22" count="10" type="stmt"/>
        <line num="25" count="4" type="stmt"/>
        <line num="39" count="2" type="stmt"/>
        <line num="40" count="1" type="stmt"/>
        <line num="62" count="2" type="stmt"/>
        <line num="75" count="2" type="stmt"/>
        <line num="79" count="4" type="stmt"/>
        <line num="81" count="4" type="cond" truecount="2" falsecount="0"/>
        <line num="82" count="1" type="stmt"/>
        <line num="85" count="3" type="stmt"/>
        <line num="89" count="1" type="stmt"/>
        <line num="106" count="11" type="stmt"/>
      </file>
      <file name="DrizzleUserRepository.ts" path="C:\Users\Emet_\Documents\Proyectos\taskflow-api\src\adapters\driven\persistence\drizzle\repositories\DrizzleUserRepository.ts">
        <metrics statements="15" coveredstatements="13" conditionals="4" coveredconditionals="2" methods="8" coveredmethods="8"/>
        <line num="18" count="21" type="stmt"/>
        <line num="21" count="3" type="stmt"/>
        <line num="32" count="1" type="stmt"/>
        <line num="33" count="1" type="stmt"/>
        <line num="45" count="1" type="stmt"/>
        <line num="47" count="1" type="stmt"/>
        <line num="51" count="1" type="stmt"/>
        <line num="53" count="1" type="cond" truecount="1" falsecount="1"/>
        <line num="54" count="0" type="stmt"/>
        <line num="57" count="1" type="stmt"/>
        <line num="61" count="1" type="stmt"/>
        <line num="63" count="1" type="cond" truecount="1" falsecount="1"/>
        <line num="64" count="0" type="stmt"/>
        <line num="67" count="1" type="stmt"/>
        <line num="71" count="22" type="stmt"/>
      </file>
    </package>
    <package name="adapters.driven.persistence.drizzle.schema">
      <metrics statements="9" coveredstatements="4" conditionals="0" coveredconditionals="0" methods="5" coveredmethods="0"/>
      <file name="comment.ts" path="C:\Users\Emet_\Documents\Proyectos\taskflow-api\src\adapters\driven\persistence\drizzle\schema\comment.ts">
        <metrics statements="3" coveredstatements="1" conditionals="0" coveredconditionals="0" methods="2" coveredmethods="0"/>
        <line num="5" count="1" type="stmt"/>
        <line num="10" count="0" type="stmt"/>
        <line num="13" count="0" type="stmt"/>
      </file>
      <file name="project.ts" path="C:\Users\Emet_\Documents\Proyectos\taskflow-api\src\adapters\driven\persistence\drizzle\schema\project.ts">
        <metrics statements="2" coveredstatements="1" conditionals="0" coveredconditionals="0" methods="1" coveredmethods="0"/>
        <line num="4" count="3" type="stmt"/>
        <line num="10" count="0" type="stmt"/>
      </file>
      <file name="task.ts" path="C:\Users\Emet_\Documents\Proyectos\taskflow-api\src\adapters\driven\persistence\drizzle\schema\task.ts">
        <metrics statements="3" coveredstatements="1" conditionals="0" coveredconditionals="0" methods="2" coveredmethods="0"/>
        <line num="5" count="2" type="stmt"/>
        <line num="11" count="0" type="stmt"/>
        <line num="12" count="0" type="stmt"/>
      </file>
      <file name="user.ts" path="C:\Users\Emet_\Documents\Proyectos\taskflow-api\src\adapters\driven\persistence\drizzle\schema\user.ts">
        <metrics statements="1" coveredstatements="1" conditionals="0" coveredconditionals="0" methods="0" coveredmethods="0"/>
        <line num="3" count="4" type="stmt"/>
      </file>
    </package>
    <package name="domain.entities">
      <metrics statements="105" coveredstatements="103" conditionals="50" coveredconditionals="48" methods="38" coveredmethods="38"/>
      <file name="Comment.ts" path="C:\Users\Emet_\Documents\Proyectos\taskflow-api\src\domain\entities\Comment.ts">
        <metrics statements="19" coveredstatements="19" conditionals="8" coveredconditionals="8" methods="7" coveredmethods="7"/>
        <line num="13" count="10" type="stmt"/>
        <line num="14" count="10" type="stmt"/>
        <line num="15" count="10" type="stmt"/>
        <line num="16" count="10" type="stmt"/>
        <line num="17" count="10" type="stmt"/>
        <line num="21" count="17" type="stmt"/>
        <line num="25" count="5" type="stmt"/>
        <line num="29" count="5" type="stmt"/>
        <line num="33" count="8" type="stmt"/>
        <line num="37" count="5" type="stmt"/>
        <line num="41" count="14" type="cond" truecount="2" falsecount="0"/>
        <line num="42" count="1" type="stmt"/>
        <line num="45" count="13" type="cond" truecount="2" falsecount="0"/>
        <line num="46" count="1" type="stmt"/>
        <line num="49" count="12" type="cond" truecount="2" falsecount="0"/>
        <line num="50" count="1" type="stmt"/>
        <line num="53" count="11" type="cond" truecount="2" falsecount="0"/>
        <line num="54" count="1" type="stmt"/>
        <line num="57" count="10" type="stmt"/>
      </file>
      <file name="Project.ts" path="C:\Users\Emet_\Documents\Proyectos\taskflow-api\src\domain\entities\Project.ts">
        <metrics statements="29" coveredstatements="27" conditionals="14" coveredconditionals="12" methods="10" coveredmethods="10"/>
        <line num="15" count="30" type="stmt"/>
        <line num="16" count="30" type="stmt"/>
        <line num="17" count="30" type="stmt"/>
        <line num="18" count="30" type="stmt"/>
        <line num="19" count="30" type="stmt"/>
        <line num="20" count="30" type="stmt"/>
        <line num="24" count="20" type="stmt"/>
        <line num="28" count="19" type="stmt"/>
        <line num="32" count="19" type="stmt"/>
        <line num="36" count="19" type="stmt"/>
        <line num="40" count="22" type="stmt"/>
        <line num="44" count="18" type="stmt"/>
        <line num="48" count="3" type="cond" truecount="2" falsecount="0"/>
        <line num="49" count="1" type="stmt"/>
        <line num="51" count="2" type="stmt"/>
        <line num="55" count="4" type="stmt"/>
        <line num="59" count="34" type="cond" truecount="2" falsecount="0"/>
        <line num="60" count="1" type="stmt"/>
        <line num="63" count="33" type="cond" truecount="2" falsecount="0"/>
        <line num="64" count="1" type="stmt"/>
        <line num="67" count="32" type="cond" truecount="2" falsecount="0"/>
        <line num="68" count="1" type="stmt"/>
        <line num="71" count="31" type="cond" truecount="2" falsecount="0"/>
        <line num="72" count="1" type="stmt"/>
        <line num="75" count="30" type="cond" truecount="1" falsecount="1"/>
        <line num="76" count="0" type="stmt"/>
        <line num="79" count="30" type="cond" truecount="1" falsecount="1"/>
        <line num="80" count="0" type="stmt"/>
        <line num="83" count="30" type="stmt"/>
      </file>
      <file name="Task.ts" path="C:\Users\Emet_\Documents\Proyectos\taskflow-api\src\domain\entities\Task.ts">
        <metrics statements="36" coveredstatements="36" conditionals="20" coveredconditionals="20" methods="13" coveredmethods="13"/>
        <line num="19" count="31" type="stmt"/>
        <line num="20" count="31" type="stmt"/>
        <line num="21" count="31" type="stmt"/>
        <line num="22" count="31" type="stmt"/>
        <line num="23" count="31" type="stmt"/>
        <line num="24" count="31" type="stmt"/>
        <line num="25" count="31" type="stmt"/>
        <line num="26" count="31" type="stmt"/>
        <line num="27" count="31" type="stmt"/>
        <line num="31" count="14" type="stmt"/>
        <line num="35" count="12" type="stmt"/>
        <line num="39" count="12" type="stmt"/>
        <line num="43" count="13" type="stmt"/>
        <line num="47" count="14" type="stmt"/>
        <line num="51" count="22" type="stmt"/>
        <line num="55" count="12" type="stmt"/>
        <line num="59" count="12" type="stmt"/>
        <line num="63" count="12" type="stmt"/>
        <line num="67" count="10" type="stmt"/>
        <line num="73" count="10" type="cond" truecount="2" falsecount="0"/>
        <line num="74" count="4" type="stmt"/>
        <line num="78" count="6" type="stmt"/>
        <line num="82" count="3" type="cond" truecount="2" falsecount="0"/>
        <line num="83" count="1" type="stmt"/>
        <line num="85" count="2" type="stmt"/>
        <line num="89" count="36" type="cond" truecount="2" falsecount="0"/>
        <line num="90" count="1" type="stmt"/>
        <line num="93" count="35" type="cond" truecount="2" falsecount="0"/>
        <line num="94" count="1" type="stmt"/>
        <line num="97" count="34" type="cond" truecount="2" falsecount="0"/>
        <line num="98" count="1" type="stmt"/>
        <line num="101" count="33" type="cond" truecount="2" falsecount="0"/>
        <line num="102" count="1" type="stmt"/>
        <line num="105" count="32" type="cond" truecount="4" falsecount="0"/>
        <line num="106" count="1" type="stmt"/>
        <line num="109" count="31" type="stmt"/>
      </file>
      <file name="User.ts" path="C:\Users\Emet_\Documents\Proyectos\taskflow-api\src\domain\entities\User.ts">
        <metrics statements="21" coveredstatements="21" conditionals="8" coveredconditionals="8" methods="8" coveredmethods="8"/>
        <line num="15" count="30" type="stmt"/>
        <line num="16" count="30" type="stmt"/>
        <line num="17" count="30" type="stmt"/>
        <line num="18" count="30" type="stmt"/>
        <line num="19" count="30" type="stmt"/>
        <line num="20" count="30" type="stmt"/>
        <line num="24" count="34" type="stmt"/>
        <line num="28" count="22" type="stmt"/>
        <line num="32" count="26" type="stmt"/>
        <line num="36" count="26" type="stmt"/>
        <line num="40" count="25" type="stmt"/>
        <line num="44" count="22" type="stmt"/>
        <line num="48" count="34" type="cond" truecount="2" falsecount="0"/>
        <line num="49" count="1" type="stmt"/>
        <line num="52" count="33" type="cond" truecount="2" falsecount="0"/>
        <line num="53" count="1" type="stmt"/>
        <line num="56" count="32" type="cond" truecount="2" falsecount="0"/>
        <line num="57" count="1" type="stmt"/>
        <line num="60" count="31" type="cond" truecount="2" falsecount="0"/>
        <line num="61" count="1" type="stmt"/>
        <line num="64" count="30" type="stmt"/>
      </file>
    </package>
    <package name="domain.errors">
      <metrics statements="8" coveredstatements="8" conditionals="0" coveredconditionals="0" methods="6" coveredmethods="6"/>
      <file name="ConflictError.ts" path="C:\Users\Emet_\Documents\Proyectos\taskflow-api\src\domain\errors\ConflictError.ts">
        <metrics statements="1" coveredstatements="1" conditionals="0" coveredconditionals="0" methods="1" coveredmethods="1"/>
        <line num="5" count="4" type="stmt"/>
      </file>
      <file name="DomainError.ts" path="C:\Users\Emet_\Documents\Proyectos\taskflow-api\src\domain\errors\DomainError.ts">
        <metrics statements="3" coveredstatements="3" conditionals="0" coveredconditionals="0" methods="1" coveredmethods="1"/>
        <line num="3" count="71" type="stmt"/>
        <line num="4" count="71" type="stmt"/>
        <line num="5" count="71" type="stmt"/>
      </file>
      <file name="ForbiddenError.ts" path="C:\Users\Emet_\Documents\Proyectos\taskflow-api\src\domain\errors\ForbiddenError.ts">
        <metrics statements="1" coveredstatements="1" conditionals="0" coveredconditionals="0" methods="1" coveredmethods="1"/>
        <line num="5" count="2" type="stmt"/>
      </file>
      <file name="NotFoundError.ts" path="C:\Users\Emet_\Documents\Proyectos\taskflow-api\src\domain\errors\NotFoundError.ts">
        <metrics statements="1" coveredstatements="1" conditionals="0" coveredconditionals="0" methods="1" coveredmethods="1"/>
        <line num="5" count="14" type="stmt"/>
      </file>
      <file name="UnauthorizedError.ts" path="C:\Users\Emet_\Documents\Proyectos\taskflow-api\src\domain\errors\UnauthorizedError.ts">
        <metrics statements="1" coveredstatements="1" conditionals="0" coveredconditionals="0" methods="1" coveredmethods="1"/>
        <line num="5" count="2" type="stmt"/>
      </file>
      <file name="ValidationError.ts" path="C:\Users\Emet_\Documents\Proyectos\taskflow-api\src\domain\errors\ValidationError.ts">
        <metrics statements="1" coveredstatements="1" conditionals="0" coveredconditionals="0" methods="1" coveredmethods="1"/>
        <line num="5" count="49" type="stmt"/>
      </file>
    </package>
    <package name="domain.use-cases.auth">
      <metrics statements="18" coveredstatements="18" conditionals="6" coveredconditionals="6" methods="4" coveredmethods="4"/>
      <file name="LoginUserUseCase.ts" path="C:\Users\Emet_\Documents\Proyectos\taskflow-api\src\domain\use-cases\auth\LoginUserUseCase.ts">
        <metrics statements="9" coveredstatements="9" conditionals="4" coveredconditionals="4" methods="2" coveredmethods="2"/>
        <line num="14" count="3" type="stmt"/>
        <line num="15" count="3" type="stmt"/>
        <line num="19" count="3" type="stmt"/>
        <line num="20" count="3" type="cond" truecount="2" falsecount="0"/>
        <line num="21" count="1" type="stmt"/>
        <line num="24" count="2" type="stmt"/>
        <line num="26" count="2" type="cond" truecount="2" falsecount="0"/>
        <line num="27" count="1" type="stmt"/>
        <line num="30" count="1" type="stmt"/>
      </file>
      <file name="RegisterUserUseCase.ts" path="C:\Users\Emet_\Documents\Proyectos\taskflow-api\src\domain\use-cases\auth\RegisterUserUseCase.ts">
        <metrics statements="9" coveredstatements="9" conditionals="2" coveredconditionals="2" methods="2" coveredmethods="2"/>
        <line num="13" count="2" type="stmt"/>
        <line num="14" count="2" type="stmt"/>
        <line num="18" count="2" type="stmt"/>
        <line num="19" count="2" type="cond" truecount="2" falsecount="0"/>
        <line num="20" count="1" type="stmt"/>
        <line num="23" count="1" type="stmt"/>
        <line num="25" count="1" type="stmt"/>
        <line num="34" count="1" type="stmt"/>
        <line num="36" count="1" type="stmt"/>
      </file>
    </package>
    <package name="domain.use-cases.comment">
      <metrics statements="27" coveredstatements="27" conditionals="18" coveredconditionals="18" methods="4" coveredmethods="4"/>
      <file name="AddCommentUseCase.ts" path="C:\Users\Emet_\Documents\Proyectos\taskflow-api\src\domain\use-cases\comment\AddCommentUseCase.ts">
        <metrics statements="10" coveredstatements="10" conditionals="6" coveredconditionals="6" methods="2" coveredmethods="2"/>
        <line num="13" count="4" type="stmt"/>
        <line num="16" count="4" type="cond" truecount="2" falsecount="0"/>
        <line num="17" count="1" type="stmt"/>
        <line num="20" count="3" type="cond" truecount="2" falsecount="0"/>
        <line num="21" count="1" type="stmt"/>
        <line num="24" count="2" type="cond" truecount="2" falsecount="0"/>
        <line num="25" count="1" type="stmt"/>
        <line num="28" count="1" type="stmt"/>
        <line num="36" count="1" type="stmt"/>
        <line num="38" count="1" type="stmt"/>
      </file>
      <file name="DeleteCommentUseCase.ts" path="C:\Users\Emet_\Documents\Proyectos\taskflow-api\src\domain\use-cases\comment\DeleteCommentUseCase.ts">
        <metrics statements="17" coveredstatements="17" conditionals="12" coveredconditionals="12" methods="2" coveredmethods="2"/>
        <line num="10" count="7" type="stmt"/>
        <line num="11" count="7" type="stmt"/>
        <line num="15" count="7" type="cond" truecount="2" falsecount="0"/>
        <line num="16" count="1" type="stmt"/>
        <line num="19" count="6" type="cond" truecount="2" falsecount="0"/>
        <line num="20" count="1" type="stmt"/>
        <line num="23" count="5" type="stmt"/>
        <line num="25" count="5" type="cond" truecount="2" falsecount="0"/>
        <line num="26" count="1" type="stmt"/>
        <line num="29" count="4" type="stmt"/>
        <line num="31" count="4" type="cond" truecount="2" falsecount="0"/>
        <line num="32" count="1" type="stmt"/>
        <line num="35" count="3" type="stmt"/>
        <line num="36" count="3" type="stmt"/>
        <line num="38" count="3" type="cond" truecount="4" falsecount="0"/>
        <line num="39" count="1" type="stmt"/>
        <line num="44" count="2" type="stmt"/>
      </file>
    </package>
    <package name="domain.use-cases.task">
      <metrics statements="49" coveredstatements="47" conditionals="30" coveredconditionals="28" methods="10" coveredmethods="10"/>
      <file name="AssignTaskUseCase.ts" path="C:\Users\Emet_\Documents\Proyectos\taskflow-api\src\domain\use-cases\task\AssignTaskUseCase.ts">
        <metrics statements="10" coveredstatements="10" conditionals="6" coveredconditionals="6" methods="2" coveredmethods="2"/>
        <line num="6" count="4" type="stmt"/>
        <line num="9" count="4" type="cond" truecount="2" falsecount="0"/>
        <line num="10" count="1" type="stmt"/>
        <line num="13" count="3" type="cond" truecount="2" falsecount="0"/>
        <line num="14" count="1" type="stmt"/>
        <line num="17" count="2" type="stmt"/>
        <line num="19" count="2" type="cond" truecount="2" falsecount="0"/>
        <line num="20" count="1" type="stmt"/>
        <line num="23" count="1" type="stmt"/>
        <line num="25" count="1" type="stmt"/>
      </file>
      <file name="CreateTaskUseCase.ts" path="C:\Users\Emet_\Documents\Proyectos\taskflow-api\src\domain\use-cases\task\CreateTaskUseCase.ts">
        <metrics statements="18" coveredstatements="17" conditionals="12" coveredconditionals="11" methods="2" coveredmethods="2"/>
        <line num="20" count="6" type="stmt"/>
        <line num="21" count="6" type="stmt"/>
        <line num="25" count="6" type="cond" truecount="2" falsecount="0"/>
        <line num="26" count="1" type="stmt"/>
        <line num="29" count="5" type="cond" truecount="2" falsecount="0"/>
        <line num="30" count="1" type="stmt"/>
        <line num="33" count="4" type="cond" truecount="2" falsecount="0"/>
        <line num="34" count="1" type="stmt"/>
        <line num="37" count="3" type="cond" truecount="1" falsecount="1"/>
        <line num="38" count="0" type="stmt"/>
        <line num="41" count="3" type="stmt"/>
        <line num="43" count="3" type="cond" truecount="2" falsecount="0"/>
        <line num="44" count="1" type="stmt"/>
        <line num="47" count="2" type="cond" truecount="2" falsecount="0"/>
        <line num="48" count="1" type="stmt"/>
        <line num="51" count="1" type="stmt"/>
        <line num="61" count="1" type="stmt"/>
        <line num="63" count="1" type="stmt"/>
      </file>
      <file name="GetTaskByIdUseCase.ts" path="C:\Users\Emet_\Documents\Proyectos\taskflow-api\src\domain\use-cases\task\GetTaskByIdUseCase.ts">
        <metrics statements="7" coveredstatements="7" conditionals="4" coveredconditionals="4" methods="2" coveredmethods="2"/>
        <line num="7" count="3" type="stmt"/>
        <line num="10" count="3" type="cond" truecount="2" falsecount="0"/>
        <line num="11" count="1" type="stmt"/>
        <line num="14" count="2" type="stmt"/>
        <line num="16" count="2" type="cond" truecount="2" falsecount="0"/>
        <line num="17" count="1" type="stmt"/>
        <line num="20" count="1" type="stmt"/>
      </file>
      <file name="ListTasksByProjectUseCase.ts" path="C:\Users\Emet_\Documents\Proyectos\taskflow-api\src\domain\use-cases\task\ListTasksByProjectUseCase.ts">
        <metrics statements="4" coveredstatements="4" conditionals="2" coveredconditionals="2" methods="2" coveredmethods="2"/>
        <line num="19" count="2" type="stmt"/>
        <line num="22" count="2" type="cond" truecount="2" falsecount="0"/>
        <line num="23" count="1" type="stmt"/>
        <line num="26" count="1" type="stmt"/>
      </file>
      <file name="UpdateTaskStatusUseCase.ts" path="C:\Users\Emet_\Documents\Proyectos\taskflow-api\src\domain\use-cases\task\UpdateTaskStatusUseCase.ts">
        <metrics statements="10" coveredstatements="9" conditionals="6" coveredconditionals="5" methods="2" coveredmethods="2"/>
        <line num="12" count="3" type="stmt"/>
        <line num="15" count="3" type="cond" truecount="2" falsecount="0"/>
        <line num="16" count="1" type="stmt"/>
        <line num="19" count="2" type="cond" truecount="1" falsecount="1"/>
        <line num="20" count="0" type="stmt"/>
        <line num="23" count="2" type="stmt"/>
        <line num="25" count="2" type="cond" truecount="2" falsecount="0"/>
        <line num="26" count="1" type="stmt"/>
        <line num="29" count="1" type="stmt"/>
        <line num="31" count="1" type="stmt"/>
      </file>
    </package>
    <package name="domain.value-objects">
      <metrics statements="7" coveredstatements="7" conditionals="0" coveredconditionals="0" methods="0" coveredmethods="0"/>
      <file name="Priority.ts" path="C:\Users\Emet_\Documents\Proyectos\taskflow-api\src\domain\value-objects\Priority.ts">
        <metrics statements="2" coveredstatements="2" conditionals="0" coveredconditionals="0" methods="0" coveredmethods="0"/>
        <line num="1" count="8" type="stmt"/>
        <line num="10" count="8" type="stmt"/>
      </file>
      <file name="ProjectStatus.ts" path="C:\Users\Emet_\Documents\Proyectos\taskflow-api\src\domain\value-objects\ProjectStatus.ts">
        <metrics statements="1" coveredstatements="1" conditionals="0" coveredconditionals="0" methods="0" coveredmethods="0"/>
        <line num="1" count="5" type="stmt"/>
      </file>
      <file name="TaskStatus.ts" path="C:\Users\Emet_\Documents\Proyectos\taskflow-api\src\domain\value-objects\TaskStatus.ts">
        <metrics statements="2" coveredstatements="2" conditionals="0" coveredconditionals="0" methods="0" coveredmethods="0"/>
        <line num="1" count="8" type="stmt"/>
        <line num="10" count="8" type="stmt"/>
      </file>
      <file name="UserRole.ts" path="C:\Users\Emet_\Documents\Proyectos\taskflow-api\src\domain\value-objects\UserRole.ts">
        <metrics statements="2" coveredstatements="2" conditionals="0" coveredconditionals="0" methods="0" coveredmethods="0"/>
        <line num="1" count="8" type="stmt"/>
        <line num="8" count="8" type="stmt"/>
      </file>
    </package>
  </project>
</coverage>
