{"C:\\Users\\Emet_\\Documents\\Proyectos\\taskflow-api\\src\\adapters\\driven\\persistence\\drizzle\\repositories\\DrizzleCommentRepository.ts": {"path":"C:\\Users\\Emet_\\Documents\\Proyectos\\taskflow-api\\src\\adapters\\driven\\persistence\\drizzle\\repositories\\DrizzleCommentRepository.ts","statementMap":{"0":{"start":{"line":16,"column":22},"end":{"line":16,"column":49}},"1":{"start":{"line":19,"column":4},"end":{"line":25,"column":null}},"2":{"start":{"line":29,"column":19},"end":{"line":29,"column":null}},"3":{"start":{"line":31,"column":4},"end":{"line":33,"column":null}},"4":{"start":{"line":32,"column":6},"end":{"line":32,"column":null}},"5":{"start":{"line":35,"column":4},"end":{"line":35,"column":null}},"6":{"start":{"line":39,"column":4},"end":{"line":48,"column":null}},"7":{"start":{"line":52,"column":4},"end":{"line":52,"column":null}}},"fnMap":{"0":{"name":"constructor","decl":{"start":{"line":16,"column":2},"end":{"line":16,"column":14}},"loc":{"start":{"line":16,"column":49},"end":{"line":16,"column":null}},"line":16},"1":{"name":"formatToComment","decl":{"start":{"line":18,"column":2},"end":{"line":18,"column":10}},"loc":{"start":{"line":18,"column":59},"end":{"line":26,"column":null}},"line":18},"2":{"name":"findById","decl":{"start":{"line":28,"column":8},"end":{"line":28,"column":17}},"loc":{"start":{"line":28,"column":54},"end":{"line":36,"column":null}},"line":28},"3":{"name":"save","decl":{"start":{"line":38,"column":8},"end":{"line":38,"column":13}},"loc":{"start":{"line":38,"column":46},"end":{"line":49,"column":null}},"line":38},"4":{"name":"delete","decl":{"start":{"line":51,"column":8},"end":{"line":51,"column":15}},"loc":{"start":{"line":51,"column":42},"end":{"line":53,"column":null}},"line":51}},"branchMap":{"0":{"loc":{"start":{"line":31,"column":4},"end":{"line":33,"column":null}},"type":"if","locations":[{"start":{"line":31,"column":4},"end":{"line":33,"column":null}},{"start":{},"end":{}}],"line":31}},"s":{"0":4,"1":1,"2":3,"3":3,"4":2,"5":1,"6":5,"7":1},"f":{"0":4,"1":1,"2":3,"3":5,"4":1},"b":{"0":[2,1]},"meta":{"lastBranch":1,"lastFunction":5,"lastStatement":8,"seen":{"f:16:2:16:14":0,"s:16:22:16:49":0,"f:18:2:18:10":1,"s:19:4:25:Infinity":1,"f:28:8:28:17":2,"s:29:19:29:Infinity":2,"b:31:4:33:Infinity:undefined:undefined:undefined:undefined":0,"s:31:4:33:Infinity":3,"s:32:6:32:Infinity":4,"s:35:4:35:Infinity":5,"f:38:8:38:13":3,"s:39:4:48:Infinity":6,"f:51:8:51:15":4,"s:52:4:52:Infinity":7}}}
,"C:\\Users\\Emet_\\Documents\\Proyectos\\taskflow-api\\src\\adapters\\driven\\persistence\\drizzle\\repositories\\DrizzleProjectRepository.ts": {"path":"C:\\Users\\Emet_\\Documents\\Proyectos\\taskflow-api\\src\\adapters\\driven\\persistence\\drizzle\\repositories\\DrizzleProjectRepository.ts","statementMap":{"0":{"start":{"line":18,"column":22},"end":{"line":18,"column":49}},"1":{"start":{"line":21,"column":4},"end":{"line":28,"column":null}},"2":{"start":{"line":32,"column":4},"end":{"line":41,"column":null}},"3":{"start":{"line":33,"column":6},"end":{"line":40,"column":null}},"4":{"start":{"line":45,"column":19},"end":{"line":49,"column":null}},"5":{"start":{"line":51,"column":4},"end":{"line":51,"column":null}},"6":{"start":{"line":55,"column":19},"end":{"line":55,"column":null}},"7":{"start":{"line":57,"column":4},"end":{"line":59,"column":null}},"8":{"start":{"line":58,"column":6},"end":{"line":58,"column":null}},"9":{"start":{"line":61,"column":4},"end":{"line":61,"column":null}},"10":{"start":{"line":65,"column":4},"end":{"line":75,"column":null}},"11":{"start":{"line":79,"column":4},"end":{"line":88,"column":null}}},"fnMap":{"0":{"name":"constructor","decl":{"start":{"line":18,"column":2},"end":{"line":18,"column":14}},"loc":{"start":{"line":18,"column":49},"end":{"line":18,"column":null}},"line":18},"1":{"name":"formatToProject","decl":{"start":{"line":20,"column":2},"end":{"line":20,"column":10}},"loc":{"start":{"line":20,"column":59},"end":{"line":29,"column":null}},"line":20},"2":{"name":"drawProjects","decl":{"start":{"line":31,"column":2},"end":{"line":31,"column":10}},"loc":{"start":{"line":31,"column":61},"end":{"line":42,"column":null}},"line":31},"3":{"name":"(anonymous_3)","decl":{"start":{"line":32,"column":20},"end":{"line":32,"column":25}},"loc":{"start":{"line":33,"column":6},"end":{"line":40,"column":null}},"line":33},"4":{"name":"findAll","decl":{"start":{"line":44,"column":8},"end":{"line":44,"column":16}},"loc":{"start":{"line":44,"column":59},"end":{"line":52,"column":null}},"line":44},"5":{"name":"findById","decl":{"start":{"line":54,"column":8},"end":{"line":54,"column":17}},"loc":{"start":{"line":54,"column":54},"end":{"line":62,"column":null}},"line":54},"6":{"name":"save","decl":{"start":{"line":64,"column":8},"end":{"line":64,"column":13}},"loc":{"start":{"line":64,"column":46},"end":{"line":76,"column":null}},"line":64},"7":{"name":"update","decl":{"start":{"line":78,"column":8},"end":{"line":78,"column":15}},"loc":{"start":{"line":78,"column":48},"end":{"line":89,"column":null}},"line":78}},"branchMap":{"0":{"loc":{"start":{"line":48,"column":13},"end":{"line":48,"column":59}},"type":"cond-expr","locations":[{"start":{"line":48,"column":13},"end":{"line":48,"column":50}},{"start":{"line":48,"column":50},"end":{"line":48,"column":59}}],"line":48},"1":{"loc":{"start":{"line":57,"column":4},"end":{"line":59,"column":null}},"type":"if","locations":[{"start":{"line":57,"column":4},"end":{"line":59,"column":null}},{"start":{},"end":{}}],"line":57}},"s":{"0":17,"1":5,"2":3,"3":2,"4":3,"5":3,"6":4,"7":4,"8":1,"9":3,"10":18,"11":1},"f":{"0":17,"1":5,"2":3,"3":2,"4":3,"5":4,"6":18,"7":1},"b":{"0":[2,1],"1":[1,3]},"meta":{"lastBranch":2,"lastFunction":8,"lastStatement":12,"seen":{"f:18:2:18:14":0,"s:18:22:18:49":0,"f:20:2:20:10":1,"s:21:4:28:Infinity":1,"f:31:2:31:10":2,"s:32:4:41:Infinity":2,"f:32:20:32:25":3,"s:33:6:40:Infinity":3,"f:44:8:44:16":4,"s:45:19:49:Infinity":4,"b:48:13:48:50:48:50:48:59":0,"s:51:4:51:Infinity":5,"f:54:8:54:17":5,"s:55:19:55:Infinity":6,"b:57:4:59:Infinity:undefined:undefined:undefined:undefined":1,"s:57:4:59:Infinity":7,"s:58:6:58:Infinity":8,"s:61:4:61:Infinity":9,"f:64:8:64:13":6,"s:65:4:75:Infinity":10,"f:78:8:78:15":7,"s:79:4:88:Infinity":11}}}
,"C:\\Users\\Emet_\\Documents\\Proyectos\\taskflow-api\\src\\adapters\\driven\\persistence\\drizzle\\repositories\\DrizzleTaskRepository.ts": {"path":"C:\\Users\\Emet_\\Documents\\Proyectos\\taskflow-api\\src\\adapters\\driven\\persistence\\drizzle\\repositories\\DrizzleTaskRepository.ts","statementMap":{"0":{"start":{"line":22,"column":22},"end":{"line":22,"column":49}},"1":{"start":{"line":25,"column":4},"end":{"line":35,"column":null}},"2":{"start":{"line":39,"column":4},"end":{"line":51,"column":null}},"3":{"start":{"line":40,"column":6},"end":{"line":50,"column":null}},"4":{"start":{"line":62,"column":19},"end":{"line":73,"column":null}},"5":{"start":{"line":75,"column":4},"end":{"line":75,"column":null}},"6":{"start":{"line":79,"column":19},"end":{"line":79,"column":null}},"7":{"start":{"line":81,"column":4},"end":{"line":83,"column":null}},"8":{"start":{"line":82,"column":6},"end":{"line":82,"column":null}},"9":{"start":{"line":85,"column":4},"end":{"line":85,"column":null}},"10":{"start":{"line":89,"column":4},"end":{"line":102,"column":null}},"11":{"start":{"line":106,"column":4},"end":{"line":119,"column":null}}},"fnMap":{"0":{"name":"constructor","decl":{"start":{"line":22,"column":2},"end":{"line":22,"column":14}},"loc":{"start":{"line":22,"column":49},"end":{"line":22,"column":null}},"line":22},"1":{"name":"formatToTask","decl":{"start":{"line":24,"column":2},"end":{"line":24,"column":10}},"loc":{"start":{"line":24,"column":47},"end":{"line":36,"column":null}},"line":24},"2":{"name":"drawTasks","decl":{"start":{"line":38,"column":2},"end":{"line":38,"column":10}},"loc":{"start":{"line":38,"column":49},"end":{"line":52,"column":null}},"line":38},"3":{"name":"(anonymous_3)","decl":{"start":{"line":39,"column":17},"end":{"line":39,"column":22}},"loc":{"start":{"line":40,"column":6},"end":{"line":50,"column":null}},"line":40},"4":{"name":"findByProjectId","decl":{"start":{"line":54,"column":8},"end":{"line":54,"column":null}},"loc":{"start":{"line":61,"column":21},"end":{"line":76,"column":null}},"line":61},"5":{"name":"findById","decl":{"start":{"line":78,"column":8},"end":{"line":78,"column":17}},"loc":{"start":{"line":78,"column":51},"end":{"line":86,"column":null}},"line":78},"6":{"name":"update","decl":{"start":{"line":88,"column":8},"end":{"line":88,"column":15}},"loc":{"start":{"line":88,"column":42},"end":{"line":103,"column":null}},"line":88},"7":{"name":"save","decl":{"start":{"line":105,"column":8},"end":{"line":105,"column":13}},"loc":{"start":{"line":105,"column":40},"end":{"line":120,"column":null}},"line":105}},"branchMap":{"0":{"loc":{"start":{"line":30,"column":18},"end":{"line":30,"column":null}},"type":"binary-expr","locations":[{"start":{"line":30,"column":18},"end":{"line":30,"column":37}},{"start":{"line":30,"column":37},"end":{"line":30,"column":null}}],"line":30},"1":{"loc":{"start":{"line":33,"column":15},"end":{"line":33,"column":null}},"type":"binary-expr","locations":[{"start":{"line":33,"column":15},"end":{"line":33,"column":31}},{"start":{"line":33,"column":31},"end":{"line":33,"column":null}}],"line":33},"2":{"loc":{"start":{"line":68,"column":10},"end":{"line":68,"column":null}},"type":"cond-expr","locations":[{"start":{"line":68,"column":29},"end":{"line":68,"column":73}},{"start":{"line":68,"column":73},"end":{"line":68,"column":null}}],"line":68},"3":{"loc":{"start":{"line":68,"column":10},"end":{"line":68,"column":38}},"type":"binary-expr","locations":[{"start":{"line":68,"column":10},"end":{"line":68,"column":21}},{"start":{"line":68,"column":21},"end":{"line":68,"column":38}}],"line":68},"4":{"loc":{"start":{"line":69,"column":10},"end":{"line":69,"column":null}},"type":"cond-expr","locations":[{"start":{"line":69,"column":29},"end":{"line":69,"column":79}},{"start":{"line":69,"column":79},"end":{"line":69,"column":null}}],"line":69},"5":{"loc":{"start":{"line":69,"column":10},"end":{"line":69,"column":40}},"type":"binary-expr","locations":[{"start":{"line":69,"column":10},"end":{"line":69,"column":21}},{"start":{"line":69,"column":21},"end":{"line":69,"column":40}}],"line":69},"6":{"loc":{"start":{"line":70,"column":10},"end":{"line":70,"column":null}},"type":"cond-expr","locations":[{"start":{"line":70,"column":29},"end":{"line":70,"column":85}},{"start":{"line":70,"column":85},"end":{"line":70,"column":null}}],"line":70},"7":{"loc":{"start":{"line":70,"column":10},"end":{"line":70,"column":42}},"type":"binary-expr","locations":[{"start":{"line":70,"column":10},"end":{"line":70,"column":21}},{"start":{"line":70,"column":21},"end":{"line":70,"column":42}}],"line":70},"8":{"loc":{"start":{"line":81,"column":4},"end":{"line":83,"column":null}},"type":"if","locations":[{"start":{"line":81,"column":4},"end":{"line":83,"column":null}},{"start":{},"end":{}}],"line":81},"9":{"loc":{"start":{"line":95,"column":20},"end":{"line":95,"column":null}},"type":"binary-expr","locations":[{"start":{"line":95,"column":20},"end":{"line":95,"column":39}},{"start":{"line":95,"column":39},"end":{"line":95,"column":null}}],"line":95},"10":{"loc":{"start":{"line":98,"column":17},"end":{"line":98,"column":null}},"type":"binary-expr","locations":[{"start":{"line":98,"column":17},"end":{"line":98,"column":33}},{"start":{"line":98,"column":33},"end":{"line":98,"column":null}}],"line":98}},"s":{"0":10,"1":4,"2":2,"3":1,"4":2,"5":2,"6":4,"7":4,"8":1,"9":3,"10":1,"11":11},"f":{"0":10,"1":4,"2":2,"3":1,"4":2,"5":4,"6":1,"7":11},"b":{"0":[4,0],"1":[4,0],"2":[2,0],"3":[2,2],"4":[1,1],"5":[2,2],"6":[1,1],"7":[2,2],"8":[1,3],"9":[1,0],"10":[1,0]},"meta":{"lastBranch":11,"lastFunction":8,"lastStatement":12,"seen":{"f:22:2:22:14":0,"s:22:22:22:49":0,"f:24:2:24:10":1,"s:25:4:35:Infinity":1,"b:30:18:30:37:30:37:30:Infinity":0,"b:33:15:33:31:33:31:33:Infinity":1,"f:38:2:38:10":2,"s:39:4:51:Infinity":2,"f:39:17:39:22":3,"s:40:6:50:Infinity":3,"f:54:8:54:Infinity":4,"s:62:19:73:Infinity":4,"b:68:29:68:73:68:73:68:Infinity":2,"b:68:10:68:21:68:21:68:38":3,"b:69:29:69:79:69:79:69:Infinity":4,"b:69:10:69:21:69:21:69:40":5,"b:70:29:70:85:70:85:70:Infinity":6,"b:70:10:70:21:70:21:70:42":7,"s:75:4:75:Infinity":5,"f:78:8:78:17":5,"s:79:19:79:Infinity":6,"b:81:4:83:Infinity:undefined:undefined:undefined:undefined":8,"s:81:4:83:Infinity":7,"s:82:6:82:Infinity":8,"s:85:4:85:Infinity":9,"f:88:8:88:15":6,"s:89:4:102:Infinity":10,"b:95:20:95:39:95:39:95:Infinity":9,"b:98:17:98:33:98:33:98:Infinity":10,"f:105:8:105:13":7,"s:106:4:119:Infinity":11}}}
,"C:\\Users\\Emet_\\Documents\\Proyectos\\taskflow-api\\src\\adapters\\driven\\persistence\\drizzle\\repositories\\DrizzleUserRepository.ts": {"path":"C:\\Users\\Emet_\\Documents\\Proyectos\\taskflow-api\\src\\adapters\\driven\\persistence\\drizzle\\repositories\\DrizzleUserRepository.ts","statementMap":{"0":{"start":{"line":18,"column":22},"end":{"line":18,"column":49}},"1":{"start":{"line":21,"column":4},"end":{"line":28,"column":null}},"2":{"start":{"line":32,"column":4},"end":{"line":41,"column":null}},"3":{"start":{"line":33,"column":6},"end":{"line":40,"column":null}},"4":{"start":{"line":45,"column":19},"end":{"line":45,"column":null}},"5":{"start":{"line":47,"column":4},"end":{"line":47,"column":null}},"6":{"start":{"line":51,"column":19},"end":{"line":51,"column":null}},"7":{"start":{"line":53,"column":4},"end":{"line":55,"column":null}},"8":{"start":{"line":54,"column":6},"end":{"line":54,"column":null}},"9":{"start":{"line":57,"column":4},"end":{"line":57,"column":null}},"10":{"start":{"line":61,"column":19},"end":{"line":61,"column":null}},"11":{"start":{"line":63,"column":4},"end":{"line":65,"column":null}},"12":{"start":{"line":64,"column":6},"end":{"line":64,"column":null}},"13":{"start":{"line":67,"column":4},"end":{"line":67,"column":null}},"14":{"start":{"line":71,"column":4},"end":{"line":81,"column":null}}},"fnMap":{"0":{"name":"constructor","decl":{"start":{"line":18,"column":2},"end":{"line":18,"column":14}},"loc":{"start":{"line":18,"column":49},"end":{"line":18,"column":null}},"line":18},"1":{"name":"formatToUser","decl":{"start":{"line":20,"column":2},"end":{"line":20,"column":10}},"loc":{"start":{"line":20,"column":47},"end":{"line":29,"column":null}},"line":20},"2":{"name":"drawUsers","decl":{"start":{"line":31,"column":2},"end":{"line":31,"column":10}},"loc":{"start":{"line":31,"column":49},"end":{"line":42,"column":null}},"line":31},"3":{"name":"(anonymous_3)","decl":{"start":{"line":32,"column":17},"end":{"line":32,"column":22}},"loc":{"start":{"line":33,"column":6},"end":{"line":40,"column":null}},"line":33},"4":{"name":"findAll","decl":{"start":{"line":44,"column":8},"end":{"line":44,"column":35}},"loc":{"start":{"line":44,"column":35},"end":{"line":48,"column":null}},"line":44},"5":{"name":"findById","decl":{"start":{"line":50,"column":8},"end":{"line":50,"column":17}},"loc":{"start":{"line":50,"column":51},"end":{"line":58,"column":null}},"line":50},"6":{"name":"findByEmail","decl":{"start":{"line":60,"column":8},"end":{"line":60,"column":20}},"loc":{"start":{"line":60,"column":57},"end":{"line":68,"column":null}},"line":60},"7":{"name":"save","decl":{"start":{"line":70,"column":8},"end":{"line":70,"column":13}},"loc":{"start":{"line":70,"column":40},"end":{"line":82,"column":null}},"line":70}},"branchMap":{"0":{"loc":{"start":{"line":53,"column":4},"end":{"line":55,"column":null}},"type":"if","locations":[{"start":{"line":53,"column":4},"end":{"line":55,"column":null}},{"start":{},"end":{}}],"line":53},"1":{"loc":{"start":{"line":63,"column":4},"end":{"line":65,"column":null}},"type":"if","locations":[{"start":{"line":63,"column":4},"end":{"line":65,"column":null}},{"start":{},"end":{}}],"line":63}},"s":{"0":21,"1":3,"2":1,"3":1,"4":1,"5":1,"6":1,"7":1,"8":0,"9":1,"10":1,"11":1,"12":0,"13":1,"14":22},"f":{"0":21,"1":3,"2":1,"3":1,"4":1,"5":1,"6":1,"7":22},"b":{"0":[0,1],"1":[0,1]},"meta":{"lastBranch":2,"lastFunction":8,"lastStatement":15,"seen":{"f:18:2:18:14":0,"s:18:22:18:49":0,"f:20:2:20:10":1,"s:21:4:28:Infinity":1,"f:31:2:31:10":2,"s:32:4:41:Infinity":2,"f:32:17:32:22":3,"s:33:6:40:Infinity":3,"f:44:8:44:35":4,"s:45:19:45:Infinity":4,"s:47:4:47:Infinity":5,"f:50:8:50:17":5,"s:51:19:51:Infinity":6,"b:53:4:55:Infinity:undefined:undefined:undefined:undefined":0,"s:53:4:55:Infinity":7,"s:54:6:54:Infinity":8,"s:57:4:57:Infinity":9,"f:60:8:60:20":6,"s:61:19:61:Infinity":10,"b:63:4:65:Infinity:undefined:undefined:undefined:undefined":1,"s:63:4:65:Infinity":11,"s:64:6:64:Infinity":12,"s:67:4:67:Infinity":13,"f:70:8:70:13":7,"s:71:4:81:Infinity":14}}}
,"C:\\Users\\Emet_\\Documents\\Proyectos\\taskflow-api\\src\\adapters\\driven\\persistence\\drizzle\\schema\\comment.ts": {"path":"C:\\Users\\Emet_\\Documents\\Proyectos\\taskflow-api\\src\\adapters\\driven\\persistence\\drizzle\\schema\\comment.ts","statementMap":{"0":{"start":{"line":5,"column":13},"end":{"line":15,"column":null}},"1":{"start":{"line":10,"column":22},"end":{"line":10,"column":30}},"2":{"start":{"line":13,"column":22},"end":{"line":13,"column":30}}},"fnMap":{"0":{"name":"(anonymous_0)","decl":{"start":{"line":10,"column":5},"end":{"line":10,"column":22}},"loc":{"start":{"line":10,"column":22},"end":{"line":10,"column":30}},"line":10},"1":{"name":"(anonymous_1)","decl":{"start":{"line":13,"column":5},"end":{"line":13,"column":22}},"loc":{"start":{"line":13,"column":22},"end":{"line":13,"column":30}},"line":13}},"branchMap":{},"s":{"0":1,"1":0,"2":0},"f":{"0":0,"1":0},"b":{},"meta":{"lastBranch":0,"lastFunction":2,"lastStatement":3,"seen":{"s:5:13:15:Infinity":0,"f:10:5:10:22":0,"s:10:22:10:30":1,"f:13:5:13:22":1,"s:13:22:13:30":2}}}
,"C:\\Users\\Emet_\\Documents\\Proyectos\\taskflow-api\\src\\adapters\\driven\\persistence\\drizzle\\schema\\project.ts": {"path":"C:\\Users\\Emet_\\Documents\\Proyectos\\taskflow-api\\src\\adapters\\driven\\persistence\\drizzle\\schema\\project.ts","statementMap":{"0":{"start":{"line":4,"column":13},"end":{"line":13,"column":null}},"1":{"start":{"line":10,"column":22},"end":{"line":10,"column":30}}},"fnMap":{"0":{"name":"(anonymous_0)","decl":{"start":{"line":10,"column":5},"end":{"line":10,"column":22}},"loc":{"start":{"line":10,"column":22},"end":{"line":10,"column":30}},"line":10}},"branchMap":{},"s":{"0":3,"1":0},"f":{"0":0},"b":{},"meta":{"lastBranch":0,"lastFunction":1,"lastStatement":2,"seen":{"s:4:13:13:Infinity":0,"f:10:5:10:22":0,"s:10:22:10:30":1}}}
,"C:\\Users\\Emet_\\Documents\\Proyectos\\taskflow-api\\src\\adapters\\driven\\persistence\\drizzle\\schema\\task.ts": {"path":"C:\\Users\\Emet_\\Documents\\Proyectos\\taskflow-api\\src\\adapters\\driven\\persistence\\drizzle\\schema\\task.ts","statementMap":{"0":{"start":{"line":5,"column":13},"end":{"line":17,"column":null}},"1":{"start":{"line":11,"column":22},"end":{"line":11,"column":33}},"2":{"start":{"line":12,"column":50},"end":{"line":12,"column":58}}},"fnMap":{"0":{"name":"(anonymous_0)","decl":{"start":{"line":11,"column":5},"end":{"line":11,"column":22}},"loc":{"start":{"line":11,"column":22},"end":{"line":11,"column":33}},"line":11},"1":{"name":"(anonymous_1)","decl":{"start":{"line":12,"column":33},"end":{"line":12,"column":50}},"loc":{"start":{"line":12,"column":50},"end":{"line":12,"column":58}},"line":12}},"branchMap":{},"s":{"0":2,"1":0,"2":0},"f":{"0":0,"1":0},"b":{},"meta":{"lastBranch":0,"lastFunction":2,"lastStatement":3,"seen":{"s:5:13:17:Infinity":0,"f:11:5:11:22":0,"s:11:22:11:33":1,"f:12:33:12:50":1,"s:12:50:12:58":2}}}
,"C:\\Users\\Emet_\\Documents\\Proyectos\\taskflow-api\\src\\adapters\\driven\\persistence\\drizzle\\schema\\user.ts": {"path":"C:\\Users\\Emet_\\Documents\\Proyectos\\taskflow-api\\src\\adapters\\driven\\persistence\\drizzle\\schema\\user.ts","statementMap":{"0":{"start":{"line":3,"column":13},"end":{"line":10,"column":null}}},"fnMap":{},"branchMap":{},"s":{"0":4},"f":{},"b":{},"meta":{"lastBranch":0,"lastFunction":0,"lastStatement":1,"seen":{"s:3:13:10:Infinity":0}}}
,"C:\\Users\\Emet_\\Documents\\Proyectos\\taskflow-api\\src\\domain\\entities\\Comment.ts": {"path":"C:\\Users\\Emet_\\Documents\\Proyectos\\taskflow-api\\src\\domain\\entities\\Comment.ts","statementMap":{"0":{"start":{"line":13,"column":12},"end":{"line":13,"column":null}},"1":{"start":{"line":14,"column":12},"end":{"line":14,"column":null}},"2":{"start":{"line":15,"column":12},"end":{"line":15,"column":null}},"3":{"start":{"line":16,"column":12},"end":{"line":16,"column":null}},"4":{"start":{"line":17,"column":12},"end":{"line":17,"column":null}},"5":{"start":{"line":21,"column":4},"end":{"line":21,"column":null}},"6":{"start":{"line":25,"column":4},"end":{"line":25,"column":null}},"7":{"start":{"line":29,"column":4},"end":{"line":29,"column":null}},"8":{"start":{"line":33,"column":4},"end":{"line":33,"column":null}},"9":{"start":{"line":37,"column":4},"end":{"line":37,"column":null}},"10":{"start":{"line":41,"column":4},"end":{"line":43,"column":null}},"11":{"start":{"line":42,"column":6},"end":{"line":42,"column":null}},"12":{"start":{"line":45,"column":4},"end":{"line":47,"column":null}},"13":{"start":{"line":46,"column":6},"end":{"line":46,"column":null}},"14":{"start":{"line":49,"column":4},"end":{"line":51,"column":null}},"15":{"start":{"line":50,"column":6},"end":{"line":50,"column":null}},"16":{"start":{"line":53,"column":4},"end":{"line":55,"column":null}},"17":{"start":{"line":54,"column":6},"end":{"line":54,"column":null}},"18":{"start":{"line":57,"column":4},"end":{"line":63,"column":null}}},"fnMap":{"0":{"name":"constructor","decl":{"start":{"line":12,"column":2},"end":{"line":12,"column":10}},"loc":{"start":{"line":18,"column":4},"end":{"line":18,"column":null}},"line":18},"1":{"name":"id","decl":{"start":{"line":20,"column":6},"end":{"line":20,"column":19}},"loc":{"start":{"line":20,"column":19},"end":{"line":22,"column":null}},"line":20},"2":{"name":"content","decl":{"start":{"line":24,"column":6},"end":{"line":24,"column":24}},"loc":{"start":{"line":24,"column":24},"end":{"line":26,"column":null}},"line":24},"3":{"name":"taskId","decl":{"start":{"line":28,"column":6},"end":{"line":28,"column":23}},"loc":{"start":{"line":28,"column":23},"end":{"line":30,"column":null}},"line":28},"4":{"name":"authorId","decl":{"start":{"line":32,"column":6},"end":{"line":32,"column":25}},"loc":{"start":{"line":32,"column":25},"end":{"line":34,"column":null}},"line":32},"5":{"name":"createdAt","decl":{"start":{"line":36,"column":6},"end":{"line":36,"column":24}},"loc":{"start":{"line":36,"column":24},"end":{"line":38,"column":null}},"line":36},"6":{"name":"create","decl":{"start":{"line":40,"column":9},"end":{"line":40,"column":16}},"loc":{"start":{"line":40,"column":49},"end":{"line":64,"column":null}},"line":40}},"branchMap":{"0":{"loc":{"start":{"line":41,"column":4},"end":{"line":43,"column":null}},"type":"if","locations":[{"start":{"line":41,"column":4},"end":{"line":43,"column":null}},{"start":{},"end":{}}],"line":41},"1":{"loc":{"start":{"line":45,"column":4},"end":{"line":47,"column":null}},"type":"if","locations":[{"start":{"line":45,"column":4},"end":{"line":47,"column":null}},{"start":{},"end":{}}],"line":45},"2":{"loc":{"start":{"line":49,"column":4},"end":{"line":51,"column":null}},"type":"if","locations":[{"start":{"line":49,"column":4},"end":{"line":51,"column":null}},{"start":{},"end":{}}],"line":49},"3":{"loc":{"start":{"line":53,"column":4},"end":{"line":55,"column":null}},"type":"if","locations":[{"start":{"line":53,"column":4},"end":{"line":55,"column":null}},{"start":{},"end":{}}],"line":53}},"s":{"0":10,"1":10,"2":10,"3":10,"4":10,"5":17,"6":5,"7":5,"8":8,"9":5,"10":14,"11":1,"12":13,"13":1,"14":12,"15":1,"16":11,"17":1,"18":10},"f":{"0":10,"1":17,"2":5,"3":5,"4":8,"5":5,"6":4},"b":{"0":[1,13],"1":[1,12],"2":[1,11],"3":[1,10]},"meta":{"lastBranch":4,"lastFunction":7,"lastStatement":19,"seen":{"f:12:2:12:10":0,"s:13:12:13:Infinity":0,"s:14:12:14:Infinity":1,"s:15:12:15:Infinity":2,"s:16:12:16:Infinity":3,"s:17:12:17:Infinity":4,"f:20:6:20:19":1,"s:21:4:21:Infinity":5,"f:24:6:24:24":2,"s:25:4:25:Infinity":6,"f:28:6:28:23":3,"s:29:4:29:Infinity":7,"f:32:6:32:25":4,"s:33:4:33:Infinity":8,"f:36:6:36:24":5,"s:37:4:37:Infinity":9,"f:40:9:40:16":6,"b:41:4:43:Infinity:undefined:undefined:undefined:undefined":0,"s:41:4:43:Infinity":10,"s:42:6:42:Infinity":11,"b:45:4:47:Infinity:undefined:undefined:undefined:undefined":1,"s:45:4:47:Infinity":12,"s:46:6:46:Infinity":13,"b:49:4:51:Infinity:undefined:undefined:undefined:undefined":2,"s:49:4:51:Infinity":14,"s:50:6:50:Infinity":15,"b:53:4:55:Infinity:undefined:undefined:undefined:undefined":3,"s:53:4:55:Infinity":16,"s:54:6:54:Infinity":17,"s:57:4:63:Infinity":18}}}
,"C:\\Users\\Emet_\\Documents\\Proyectos\\taskflow-api\\src\\domain\\entities\\Project.ts": {"path":"C:\\Users\\Emet_\\Documents\\Proyectos\\taskflow-api\\src\\domain\\entities\\Project.ts","statementMap":{"0":{"start":{"line":15,"column":12},"end":{"line":15,"column":null}},"1":{"start":{"line":16,"column":12},"end":{"line":16,"column":null}},"2":{"start":{"line":17,"column":12},"end":{"line":17,"column":null}},"3":{"start":{"line":18,"column":12},"end":{"line":18,"column":null}},"4":{"start":{"line":19,"column":12},"end":{"line":19,"column":null}},"5":{"start":{"line":20,"column":12},"end":{"line":20,"column":null}},"6":{"start":{"line":24,"column":4},"end":{"line":24,"column":null}},"7":{"start":{"line":28,"column":4},"end":{"line":28,"column":null}},"8":{"start":{"line":32,"column":4},"end":{"line":32,"column":null}},"9":{"start":{"line":36,"column":4},"end":{"line":36,"column":null}},"10":{"start":{"line":40,"column":4},"end":{"line":40,"column":null}},"11":{"start":{"line":44,"column":4},"end":{"line":44,"column":null}},"12":{"start":{"line":48,"column":4},"end":{"line":50,"column":null}},"13":{"start":{"line":49,"column":6},"end":{"line":49,"column":null}},"14":{"start":{"line":51,"column":4},"end":{"line":51,"column":null}},"15":{"start":{"line":55,"column":4},"end":{"line":55,"column":null}},"16":{"start":{"line":59,"column":4},"end":{"line":61,"column":null}},"17":{"start":{"line":60,"column":6},"end":{"line":60,"column":null}},"18":{"start":{"line":63,"column":4},"end":{"line":65,"column":null}},"19":{"start":{"line":64,"column":6},"end":{"line":64,"column":null}},"20":{"start":{"line":67,"column":4},"end":{"line":69,"column":null}},"21":{"start":{"line":68,"column":6},"end":{"line":68,"column":null}},"22":{"start":{"line":71,"column":4},"end":{"line":73,"column":null}},"23":{"start":{"line":72,"column":6},"end":{"line":72,"column":null}},"24":{"start":{"line":75,"column":4},"end":{"line":77,"column":null}},"25":{"start":{"line":76,"column":6},"end":{"line":76,"column":null}},"26":{"start":{"line":79,"column":4},"end":{"line":81,"column":null}},"27":{"start":{"line":80,"column":6},"end":{"line":80,"column":null}},"28":{"start":{"line":83,"column":4},"end":{"line":90,"column":null}}},"fnMap":{"0":{"name":"constructor","decl":{"start":{"line":14,"column":2},"end":{"line":14,"column":10}},"loc":{"start":{"line":21,"column":4},"end":{"line":21,"column":null}},"line":21},"1":{"name":"id","decl":{"start":{"line":23,"column":6},"end":{"line":23,"column":19}},"loc":{"start":{"line":23,"column":19},"end":{"line":25,"column":null}},"line":23},"2":{"name":"name","decl":{"start":{"line":27,"column":6},"end":{"line":27,"column":21}},"loc":{"start":{"line":27,"column":21},"end":{"line":29,"column":null}},"line":27},"3":{"name":"description","decl":{"start":{"line":31,"column":6},"end":{"line":31,"column":28}},"loc":{"start":{"line":31,"column":28},"end":{"line":33,"column":null}},"line":31},"4":{"name":"ownerId","decl":{"start":{"line":35,"column":6},"end":{"line":35,"column":24}},"loc":{"start":{"line":35,"column":24},"end":{"line":37,"column":null}},"line":35},"5":{"name":"status","decl":{"start":{"line":39,"column":6},"end":{"line":39,"column":30}},"loc":{"start":{"line":39,"column":30},"end":{"line":41,"column":null}},"line":39},"6":{"name":"createdAt","decl":{"start":{"line":43,"column":6},"end":{"line":43,"column":24}},"loc":{"start":{"line":43,"column":24},"end":{"line":45,"column":null}},"line":43},"7":{"name":"archive","decl":{"start":{"line":47,"column":2},"end":{"line":47,"column":18}},"loc":{"start":{"line":47,"column":18},"end":{"line":52,"column":null}},"line":47},"8":{"name":"canAddTasks","decl":{"start":{"line":54,"column":2},"end":{"line":54,"column":25}},"loc":{"start":{"line":54,"column":25},"end":{"line":56,"column":null}},"line":54},"9":{"name":"create","decl":{"start":{"line":58,"column":9},"end":{"line":58,"column":16}},"loc":{"start":{"line":58,"column":49},"end":{"line":91,"column":null}},"line":58}},"branchMap":{"0":{"loc":{"start":{"line":48,"column":4},"end":{"line":50,"column":null}},"type":"if","locations":[{"start":{"line":48,"column":4},"end":{"line":50,"column":null}},{"start":{},"end":{}}],"line":48},"1":{"loc":{"start":{"line":59,"column":4},"end":{"line":61,"column":null}},"type":"if","locations":[{"start":{"line":59,"column":4},"end":{"line":61,"column":null}},{"start":{},"end":{}}],"line":59},"2":{"loc":{"start":{"line":63,"column":4},"end":{"line":65,"column":null}},"type":"if","locations":[{"start":{"line":63,"column":4},"end":{"line":65,"column":null}},{"start":{},"end":{}}],"line":63},"3":{"loc":{"start":{"line":67,"column":4},"end":{"line":69,"column":null}},"type":"if","locations":[{"start":{"line":67,"column":4},"end":{"line":69,"column":null}},{"start":{},"end":{}}],"line":67},"4":{"loc":{"start":{"line":71,"column":4},"end":{"line":73,"column":null}},"type":"if","locations":[{"start":{"line":71,"column":4},"end":{"line":73,"column":null}},{"start":{},"end":{}}],"line":71},"5":{"loc":{"start":{"line":75,"column":4},"end":{"line":77,"column":null}},"type":"if","locations":[{"start":{"line":75,"column":4},"end":{"line":77,"column":null}},{"start":{},"end":{}}],"line":75},"6":{"loc":{"start":{"line":79,"column":4},"end":{"line":81,"column":null}},"type":"if","locations":[{"start":{"line":79,"column":4},"end":{"line":81,"column":null}},{"start":{},"end":{}}],"line":79}},"s":{"0":30,"1":30,"2":30,"3":30,"4":30,"5":30,"6":20,"7":19,"8":19,"9":19,"10":22,"11":18,"12":3,"13":1,"14":2,"15":4,"16":34,"17":1,"18":33,"19":1,"20":32,"21":1,"22":31,"23":1,"24":30,"25":0,"26":30,"27":0,"28":30},"f":{"0":30,"1":20,"2":19,"3":19,"4":19,"5":22,"6":18,"7":3,"8":4,"9":5},"b":{"0":[1,2],"1":[1,33],"2":[1,32],"3":[1,31],"4":[1,30],"5":[0,30],"6":[0,30]},"meta":{"lastBranch":7,"lastFunction":10,"lastStatement":29,"seen":{"f:14:2:14:10":0,"s:15:12:15:Infinity":0,"s:16:12:16:Infinity":1,"s:17:12:17:Infinity":2,"s:18:12:18:Infinity":3,"s:19:12:19:Infinity":4,"s:20:12:20:Infinity":5,"f:23:6:23:19":1,"s:24:4:24:Infinity":6,"f:27:6:27:21":2,"s:28:4:28:Infinity":7,"f:31:6:31:28":3,"s:32:4:32:Infinity":8,"f:35:6:35:24":4,"s:36:4:36:Infinity":9,"f:39:6:39:30":5,"s:40:4:40:Infinity":10,"f:43:6:43:24":6,"s:44:4:44:Infinity":11,"f:47:2:47:18":7,"b:48:4:50:Infinity:undefined:undefined:undefined:undefined":0,"s:48:4:50:Infinity":12,"s:49:6:49:Infinity":13,"s:51:4:51:Infinity":14,"f:54:2:54:25":8,"s:55:4:55:Infinity":15,"f:58:9:58:16":9,"b:59:4:61:Infinity:undefined:undefined:undefined:undefined":1,"s:59:4:61:Infinity":16,"s:60:6:60:Infinity":17,"b:63:4:65:Infinity:undefined:undefined:undefined:undefined":2,"s:63:4:65:Infinity":18,"s:64:6:64:Infinity":19,"b:67:4:69:Infinity:undefined:undefined:undefined:undefined":3,"s:67:4:69:Infinity":20,"s:68:6:68:Infinity":21,"b:71:4:73:Infinity:undefined:undefined:undefined:undefined":4,"s:71:4:73:Infinity":22,"s:72:6:72:Infinity":23,"b:75:4:77:Infinity:undefined:undefined:undefined:undefined":5,"s:75:4:77:Infinity":24,"s:76:6:76:Infinity":25,"b:79:4:81:Infinity:undefined:undefined:undefined:undefined":6,"s:79:4:81:Infinity":26,"s:80:6:80:Infinity":27,"s:83:4:90:Infinity":28}}}
,"C:\\Users\\Emet_\\Documents\\Proyectos\\taskflow-api\\src\\domain\\entities\\Task.ts": {"path":"C:\\Users\\Emet_\\Documents\\Proyectos\\taskflow-api\\src\\domain\\entities\\Task.ts","statementMap":{"0":{"start":{"line":19,"column":12},"end":{"line":19,"column":null}},"1":{"start":{"line":20,"column":12},"end":{"line":20,"column":null}},"2":{"start":{"line":21,"column":12},"end":{"line":21,"column":null}},"3":{"start":{"line":22,"column":12},"end":{"line":22,"column":null}},"4":{"start":{"line":23,"column":12},"end":{"line":23,"column":null}},"5":{"start":{"line":24,"column":12},"end":{"line":24,"column":null}},"6":{"start":{"line":25,"column":12},"end":{"line":25,"column":null}},"7":{"start":{"line":26,"column":12},"end":{"line":26,"column":null}},"8":{"start":{"line":27,"column":12},"end":{"line":27,"column":null}},"9":{"start":{"line":31,"column":4},"end":{"line":31,"column":null}},"10":{"start":{"line":35,"column":4},"end":{"line":35,"column":null}},"11":{"start":{"line":39,"column":4},"end":{"line":39,"column":null}},"12":{"start":{"line":43,"column":4},"end":{"line":43,"column":null}},"13":{"start":{"line":47,"column":4},"end":{"line":47,"column":null}},"14":{"start":{"line":51,"column":4},"end":{"line":51,"column":null}},"15":{"start":{"line":55,"column":4},"end":{"line":55,"column":null}},"16":{"start":{"line":59,"column":4},"end":{"line":59,"column":null}},"17":{"start":{"line":63,"column":4},"end":{"line":63,"column":null}},"18":{"start":{"line":67,"column":63},"end":{"line":72,"column":null}},"19":{"start":{"line":73,"column":4},"end":{"line":77,"column":null}},"20":{"start":{"line":74,"column":6},"end":{"line":76,"column":null}},"21":{"start":{"line":78,"column":4},"end":{"line":78,"column":null}},"22":{"start":{"line":82,"column":4},"end":{"line":84,"column":null}},"23":{"start":{"line":83,"column":6},"end":{"line":83,"column":null}},"24":{"start":{"line":85,"column":4},"end":{"line":85,"column":null}},"25":{"start":{"line":89,"column":4},"end":{"line":91,"column":null}},"26":{"start":{"line":90,"column":6},"end":{"line":90,"column":null}},"27":{"start":{"line":93,"column":4},"end":{"line":95,"column":null}},"28":{"start":{"line":94,"column":6},"end":{"line":94,"column":null}},"29":{"start":{"line":97,"column":4},"end":{"line":99,"column":null}},"30":{"start":{"line":98,"column":6},"end":{"line":98,"column":null}},"31":{"start":{"line":101,"column":4},"end":{"line":103,"column":null}},"32":{"start":{"line":102,"column":6},"end":{"line":102,"column":null}},"33":{"start":{"line":105,"column":4},"end":{"line":107,"column":null}},"34":{"start":{"line":106,"column":6},"end":{"line":106,"column":null}},"35":{"start":{"line":109,"column":4},"end":{"line":119,"column":null}}},"fnMap":{"0":{"name":"constructor","decl":{"start":{"line":18,"column":2},"end":{"line":18,"column":10}},"loc":{"start":{"line":28,"column":4},"end":{"line":28,"column":null}},"line":28},"1":{"name":"id","decl":{"start":{"line":30,"column":6},"end":{"line":30,"column":19}},"loc":{"start":{"line":30,"column":19},"end":{"line":32,"column":null}},"line":30},"2":{"name":"title","decl":{"start":{"line":34,"column":6},"end":{"line":34,"column":22}},"loc":{"start":{"line":34,"column":22},"end":{"line":36,"column":null}},"line":34},"3":{"name":"description","decl":{"start":{"line":38,"column":6},"end":{"line":38,"column":28}},"loc":{"start":{"line":38,"column":28},"end":{"line":40,"column":null}},"line":38},"4":{"name":"projectId","decl":{"start":{"line":42,"column":6},"end":{"line":42,"column":26}},"loc":{"start":{"line":42,"column":26},"end":{"line":44,"column":null}},"line":42},"5":{"name":"assigneeId","decl":{"start":{"line":46,"column":6},"end":{"line":46,"column":34}},"loc":{"start":{"line":46,"column":34},"end":{"line":48,"column":null}},"line":46},"6":{"name":"status","decl":{"start":{"line":50,"column":6},"end":{"line":50,"column":27}},"loc":{"start":{"line":50,"column":27},"end":{"line":52,"column":null}},"line":50},"7":{"name":"priority","decl":{"start":{"line":54,"column":6},"end":{"line":54,"column":27}},"loc":{"start":{"line":54,"column":27},"end":{"line":56,"column":null}},"line":54},"8":{"name":"dueDate","decl":{"start":{"line":58,"column":6},"end":{"line":58,"column":29}},"loc":{"start":{"line":58,"column":29},"end":{"line":60,"column":null}},"line":58},"9":{"name":"createdAt","decl":{"start":{"line":62,"column":6},"end":{"line":62,"column":24}},"loc":{"start":{"line":62,"column":24},"end":{"line":64,"column":null}},"line":62},"10":{"name":"updateStatus","decl":{"start":{"line":66,"column":2},"end":{"line":66,"column":15}},"loc":{"start":{"line":66,"column":44},"end":{"line":79,"column":null}},"line":66},"11":{"name":"assign","decl":{"start":{"line":81,"column":2},"end":{"line":81,"column":9}},"loc":{"start":{"line":81,"column":31},"end":{"line":86,"column":null}},"line":81},"12":{"name":"create","decl":{"start":{"line":88,"column":9},"end":{"line":88,"column":16}},"loc":{"start":{"line":88,"column":40},"end":{"line":120,"column":null}},"line":88}},"branchMap":{"0":{"loc":{"start":{"line":73,"column":4},"end":{"line":77,"column":null}},"type":"if","locations":[{"start":{"line":73,"column":4},"end":{"line":77,"column":null}},{"start":{},"end":{}}],"line":73},"1":{"loc":{"start":{"line":82,"column":4},"end":{"line":84,"column":null}},"type":"if","locations":[{"start":{"line":82,"column":4},"end":{"line":84,"column":null}},{"start":{},"end":{}}],"line":82},"2":{"loc":{"start":{"line":89,"column":4},"end":{"line":91,"column":null}},"type":"if","locations":[{"start":{"line":89,"column":4},"end":{"line":91,"column":null}},{"start":{},"end":{}}],"line":89},"3":{"loc":{"start":{"line":93,"column":4},"end":{"line":95,"column":null}},"type":"if","locations":[{"start":{"line":93,"column":4},"end":{"line":95,"column":null}},{"start":{},"end":{}}],"line":93},"4":{"loc":{"start":{"line":97,"column":4},"end":{"line":99,"column":null}},"type":"if","locations":[{"start":{"line":97,"column":4},"end":{"line":99,"column":null}},{"start":{},"end":{}}],"line":97},"5":{"loc":{"start":{"line":101,"column":4},"end":{"line":103,"column":null}},"type":"if","locations":[{"start":{"line":101,"column":4},"end":{"line":103,"column":null}},{"start":{},"end":{}}],"line":101},"6":{"loc":{"start":{"line":105,"column":4},"end":{"line":107,"column":null}},"type":"if","locations":[{"start":{"line":105,"column":4},"end":{"line":107,"column":null}},{"start":{},"end":{}}],"line":105},"7":{"loc":{"start":{"line":105,"column":8},"end":{"line":105,"column":51}},"type":"binary-expr","locations":[{"start":{"line":105,"column":8},"end":{"line":105,"column":24}},{"start":{"line":105,"column":24},"end":{"line":105,"column":51}}],"line":105},"8":{"loc":{"start":{"line":114,"column":6},"end":{"line":114,"column":null}},"type":"binary-expr","locations":[{"start":{"line":114,"column":6},"end":{"line":114,"column":25}},{"start":{"line":114,"column":25},"end":{"line":114,"column":null}}],"line":114},"9":{"loc":{"start":{"line":117,"column":6},"end":{"line":117,"column":null}},"type":"binary-expr","locations":[{"start":{"line":117,"column":6},"end":{"line":117,"column":22}},{"start":{"line":117,"column":22},"end":{"line":117,"column":null}}],"line":117}},"s":{"0":31,"1":31,"2":31,"3":31,"4":31,"5":31,"6":31,"7":31,"8":31,"9":14,"10":12,"11":12,"12":13,"13":14,"14":22,"15":12,"16":12,"17":12,"18":10,"19":10,"20":4,"21":6,"22":3,"23":1,"24":2,"25":36,"26":1,"27":35,"28":1,"29":34,"30":1,"31":33,"32":1,"33":32,"34":1,"35":31},"f":{"0":31,"1":14,"2":12,"3":12,"4":13,"5":14,"6":22,"7":12,"8":12,"9":12,"10":10,"11":3,"12":8},"b":{"0":[4,6],"1":[1,2],"2":[1,35],"3":[1,34],"4":[1,33],"5":[1,32],"6":[1,31],"7":[32,27],"8":[31,5],"9":[36,5]},"meta":{"lastBranch":10,"lastFunction":13,"lastStatement":36,"seen":{"f:18:2:18:10":0,"s:19:12:19:Infinity":0,"s:20:12:20:Infinity":1,"s:21:12:21:Infinity":2,"s:22:12:22:Infinity":3,"s:23:12:23:Infinity":4,"s:24:12:24:Infinity":5,"s:25:12:25:Infinity":6,"s:26:12:26:Infinity":7,"s:27:12:27:Infinity":8,"f:30:6:30:19":1,"s:31:4:31:Infinity":9,"f:34:6:34:22":2,"s:35:4:35:Infinity":10,"f:38:6:38:28":3,"s:39:4:39:Infinity":11,"f:42:6:42:26":4,"s:43:4:43:Infinity":12,"f:46:6:46:34":5,"s:47:4:47:Infinity":13,"f:50:6:50:27":6,"s:51:4:51:Infinity":14,"f:54:6:54:27":7,"s:55:4:55:Infinity":15,"f:58:6:58:29":8,"s:59:4:59:Infinity":16,"f:62:6:62:24":9,"s:63:4:63:Infinity":17,"f:66:2:66:15":10,"s:67:63:72:Infinity":18,"b:73:4:77:Infinity:undefined:undefined:undefined:undefined":0,"s:73:4:77:Infinity":19,"s:74:6:76:Infinity":20,"s:78:4:78:Infinity":21,"f:81:2:81:9":11,"b:82:4:84:Infinity:undefined:undefined:undefined:undefined":1,"s:82:4:84:Infinity":22,"s:83:6:83:Infinity":23,"s:85:4:85:Infinity":24,"f:88:9:88:16":12,"b:89:4:91:Infinity:undefined:undefined:undefined:undefined":2,"s:89:4:91:Infinity":25,"s:90:6:90:Infinity":26,"b:93:4:95:Infinity:undefined:undefined:undefined:undefined":3,"s:93:4:95:Infinity":27,"s:94:6:94:Infinity":28,"b:97:4:99:Infinity:undefined:undefined:undefined:undefined":4,"s:97:4:99:Infinity":29,"s:98:6:98:Infinity":30,"b:101:4:103:Infinity:undefined:undefined:undefined:undefined":5,"s:101:4:103:Infinity":31,"s:102:6:102:Infinity":32,"b:105:4:107:Infinity:undefined:undefined:undefined:undefined":6,"s:105:4:107:Infinity":33,"b:105:8:105:24:105:24:105:51":7,"s:106:6:106:Infinity":34,"s:109:4:119:Infinity":35,"b:114:6:114:25:114:25:114:Infinity":8,"b:117:6:117:22:117:22:117:Infinity":9}}}
,"C:\\Users\\Emet_\\Documents\\Proyectos\\taskflow-api\\src\\domain\\entities\\User.ts": {"path":"C:\\Users\\Emet_\\Documents\\Proyectos\\taskflow-api\\src\\domain\\entities\\User.ts","statementMap":{"0":{"start":{"line":15,"column":12},"end":{"line":15,"column":null}},"1":{"start":{"line":16,"column":12},"end":{"line":16,"column":null}},"2":{"start":{"line":17,"column":12},"end":{"line":17,"column":null}},"3":{"start":{"line":18,"column":12},"end":{"line":18,"column":null}},"4":{"start":{"line":19,"column":12},"end":{"line":19,"column":null}},"5":{"start":{"line":20,"column":12},"end":{"line":20,"column":null}},"6":{"start":{"line":24,"column":4},"end":{"line":24,"column":null}},"7":{"start":{"line":28,"column":4},"end":{"line":28,"column":null}},"8":{"start":{"line":32,"column":4},"end":{"line":32,"column":null}},"9":{"start":{"line":36,"column":4},"end":{"line":36,"column":null}},"10":{"start":{"line":40,"column":4},"end":{"line":40,"column":null}},"11":{"start":{"line":44,"column":4},"end":{"line":44,"column":null}},"12":{"start":{"line":48,"column":4},"end":{"line":50,"column":null}},"13":{"start":{"line":49,"column":6},"end":{"line":49,"column":null}},"14":{"start":{"line":52,"column":4},"end":{"line":54,"column":null}},"15":{"start":{"line":53,"column":6},"end":{"line":53,"column":null}},"16":{"start":{"line":56,"column":4},"end":{"line":58,"column":null}},"17":{"start":{"line":57,"column":6},"end":{"line":57,"column":null}},"18":{"start":{"line":60,"column":4},"end":{"line":62,"column":null}},"19":{"start":{"line":61,"column":6},"end":{"line":61,"column":null}},"20":{"start":{"line":64,"column":4},"end":{"line":64,"column":null}}},"fnMap":{"0":{"name":"constructor","decl":{"start":{"line":14,"column":2},"end":{"line":14,"column":10}},"loc":{"start":{"line":21,"column":4},"end":{"line":21,"column":null}},"line":21},"1":{"name":"id","decl":{"start":{"line":23,"column":6},"end":{"line":23,"column":19}},"loc":{"start":{"line":23,"column":19},"end":{"line":25,"column":null}},"line":23},"2":{"name":"name","decl":{"start":{"line":27,"column":6},"end":{"line":27,"column":21}},"loc":{"start":{"line":27,"column":21},"end":{"line":29,"column":null}},"line":27},"3":{"name":"email","decl":{"start":{"line":31,"column":6},"end":{"line":31,"column":22}},"loc":{"start":{"line":31,"column":22},"end":{"line":33,"column":null}},"line":31},"4":{"name":"passwordHash","decl":{"start":{"line":35,"column":6},"end":{"line":35,"column":29}},"loc":{"start":{"line":35,"column":29},"end":{"line":37,"column":null}},"line":35},"5":{"name":"role","decl":{"start":{"line":39,"column":6},"end":{"line":39,"column":23}},"loc":{"start":{"line":39,"column":23},"end":{"line":41,"column":null}},"line":39},"6":{"name":"createdAt","decl":{"start":{"line":43,"column":6},"end":{"line":43,"column":24}},"loc":{"start":{"line":43,"column":24},"end":{"line":45,"column":null}},"line":43},"7":{"name":"create","decl":{"start":{"line":47,"column":9},"end":{"line":47,"column":16}},"loc":{"start":{"line":47,"column":40},"end":{"line":65,"column":null}},"line":47}},"branchMap":{"0":{"loc":{"start":{"line":48,"column":4},"end":{"line":50,"column":null}},"type":"if","locations":[{"start":{"line":48,"column":4},"end":{"line":50,"column":null}},{"start":{},"end":{}}],"line":48},"1":{"loc":{"start":{"line":52,"column":4},"end":{"line":54,"column":null}},"type":"if","locations":[{"start":{"line":52,"column":4},"end":{"line":54,"column":null}},{"start":{},"end":{}}],"line":52},"2":{"loc":{"start":{"line":56,"column":4},"end":{"line":58,"column":null}},"type":"if","locations":[{"start":{"line":56,"column":4},"end":{"line":58,"column":null}},{"start":{},"end":{}}],"line":56},"3":{"loc":{"start":{"line":60,"column":4},"end":{"line":62,"column":null}},"type":"if","locations":[{"start":{"line":60,"column":4},"end":{"line":62,"column":null}},{"start":{},"end":{}}],"line":60}},"s":{"0":30,"1":30,"2":30,"3":30,"4":30,"5":30,"6":34,"7":22,"8":26,"9":26,"10":25,"11":22,"12":34,"13":1,"14":33,"15":1,"16":32,"17":1,"18":31,"19":1,"20":30},"f":{"0":30,"1":34,"2":22,"3":26,"4":26,"5":25,"6":22,"7":8},"b":{"0":[1,33],"1":[1,32],"2":[1,31],"3":[1,30]},"meta":{"lastBranch":4,"lastFunction":8,"lastStatement":21,"seen":{"f:14:2:14:10":0,"s:15:12:15:Infinity":0,"s:16:12:16:Infinity":1,"s:17:12:17:Infinity":2,"s:18:12:18:Infinity":3,"s:19:12:19:Infinity":4,"s:20:12:20:Infinity":5,"f:23:6:23:19":1,"s:24:4:24:Infinity":6,"f:27:6:27:21":2,"s:28:4:28:Infinity":7,"f:31:6:31:22":3,"s:32:4:32:Infinity":8,"f:35:6:35:29":4,"s:36:4:36:Infinity":9,"f:39:6:39:23":5,"s:40:4:40:Infinity":10,"f:43:6:43:24":6,"s:44:4:44:Infinity":11,"f:47:9:47:16":7,"b:48:4:50:Infinity:undefined:undefined:undefined:undefined":0,"s:48:4:50:Infinity":12,"s:49:6:49:Infinity":13,"b:52:4:54:Infinity:undefined:undefined:undefined:undefined":1,"s:52:4:54:Infinity":14,"s:53:6:53:Infinity":15,"b:56:4:58:Infinity:undefined:undefined:undefined:undefined":2,"s:56:4:58:Infinity":16,"s:57:6:57:Infinity":17,"b:60:4:62:Infinity:undefined:undefined:undefined:undefined":3,"s:60:4:62:Infinity":18,"s:61:6:61:Infinity":19,"s:64:4:64:Infinity":20}}}
,"C:\\Users\\Emet_\\Documents\\Proyectos\\taskflow-api\\src\\domain\\errors\\ConflictError.ts": {"path":"C:\\Users\\Emet_\\Documents\\Proyectos\\taskflow-api\\src\\domain\\errors\\ConflictError.ts","statementMap":{"0":{"start":{"line":5,"column":4},"end":{"line":5,"column":null}}},"fnMap":{"0":{"name":"constructor","decl":{"start":{"line":4,"column":2},"end":{"line":4,"column":14}},"loc":{"start":{"line":4,"column":31},"end":{"line":6,"column":null}},"line":4}},"branchMap":{},"s":{"0":4},"f":{"0":4},"b":{},"meta":{"lastBranch":0,"lastFunction":1,"lastStatement":1,"seen":{"f:4:2:4:14":0,"s:5:4:5:Infinity":0}}}
,"C:\\Users\\Emet_\\Documents\\Proyectos\\taskflow-api\\src\\domain\\errors\\DomainError.ts": {"path":"C:\\Users\\Emet_\\Documents\\Proyectos\\taskflow-api\\src\\domain\\errors\\DomainError.ts","statementMap":{"0":{"start":{"line":3,"column":4},"end":{"line":3,"column":null}},"1":{"start":{"line":4,"column":4},"end":{"line":4,"column":null}},"2":{"start":{"line":5,"column":4},"end":{"line":5,"column":null}}},"fnMap":{"0":{"name":"constructor","decl":{"start":{"line":2,"column":2},"end":{"line":2,"column":14}},"loc":{"start":{"line":2,"column":31},"end":{"line":6,"column":null}},"line":2}},"branchMap":{},"s":{"0":71,"1":71,"2":71},"f":{"0":71},"b":{},"meta":{"lastBranch":0,"lastFunction":1,"lastStatement":3,"seen":{"f:2:2:2:14":0,"s:3:4:3:Infinity":0,"s:4:4:4:Infinity":1,"s:5:4:5:Infinity":2}}}
,"C:\\Users\\Emet_\\Documents\\Proyectos\\taskflow-api\\src\\domain\\errors\\ForbiddenError.ts": {"path":"C:\\Users\\Emet_\\Documents\\Proyectos\\taskflow-api\\src\\domain\\errors\\ForbiddenError.ts","statementMap":{"0":{"start":{"line":5,"column":4},"end":{"line":5,"column":null}}},"fnMap":{"0":{"name":"constructor","decl":{"start":{"line":4,"column":2},"end":{"line":4,"column":14}},"loc":{"start":{"line":4,"column":31},"end":{"line":6,"column":null}},"line":4}},"branchMap":{},"s":{"0":2},"f":{"0":2},"b":{},"meta":{"lastBranch":0,"lastFunction":1,"lastStatement":1,"seen":{"f:4:2:4:14":0,"s:5:4:5:Infinity":0}}}
,"C:\\Users\\Emet_\\Documents\\Proyectos\\taskflow-api\\src\\domain\\errors\\NotFoundError.ts": {"path":"C:\\Users\\Emet_\\Documents\\Proyectos\\taskflow-api\\src\\domain\\errors\\NotFoundError.ts","statementMap":{"0":{"start":{"line":5,"column":4},"end":{"line":5,"column":null}}},"fnMap":{"0":{"name":"constructor","decl":{"start":{"line":4,"column":2},"end":{"line":4,"column":14}},"loc":{"start":{"line":4,"column":31},"end":{"line":6,"column":null}},"line":4}},"branchMap":{},"s":{"0":14},"f":{"0":14},"b":{},"meta":{"lastBranch":0,"lastFunction":1,"lastStatement":1,"seen":{"f:4:2:4:14":0,"s:5:4:5:Infinity":0}}}
,"C:\\Users\\Emet_\\Documents\\Proyectos\\taskflow-api\\src\\domain\\errors\\UnauthorizedError.ts": {"path":"C:\\Users\\Emet_\\Documents\\Proyectos\\taskflow-api\\src\\domain\\errors\\UnauthorizedError.ts","statementMap":{"0":{"start":{"line":5,"column":4},"end":{"line":5,"column":null}}},"fnMap":{"0":{"name":"constructor","decl":{"start":{"line":4,"column":2},"end":{"line":4,"column":14}},"loc":{"start":{"line":4,"column":31},"end":{"line":6,"column":null}},"line":4}},"branchMap":{},"s":{"0":2},"f":{"0":2},"b":{},"meta":{"lastBranch":0,"lastFunction":1,"lastStatement":1,"seen":{"f:4:2:4:14":0,"s:5:4:5:Infinity":0}}}
,"C:\\Users\\Emet_\\Documents\\Proyectos\\taskflow-api\\src\\domain\\errors\\ValidationError.ts": {"path":"C:\\Users\\Emet_\\Documents\\Proyectos\\taskflow-api\\src\\domain\\errors\\ValidationError.ts","statementMap":{"0":{"start":{"line":5,"column":4},"end":{"line":5,"column":null}}},"fnMap":{"0":{"name":"constructor","decl":{"start":{"line":4,"column":2},"end":{"line":4,"column":14}},"loc":{"start":{"line":4,"column":31},"end":{"line":6,"column":null}},"line":4}},"branchMap":{},"s":{"0":49},"f":{"0":49},"b":{},"meta":{"lastBranch":0,"lastFunction":1,"lastStatement":1,"seen":{"f:4:2:4:14":0,"s:5:4:5:Infinity":0}}}
,"C:\\Users\\Emet_\\Documents\\Proyectos\\taskflow-api\\src\\domain\\use-cases\\auth\\LoginUserUseCase.ts": {"path":"C:\\Users\\Emet_\\Documents\\Proyectos\\taskflow-api\\src\\domain\\use-cases\\auth\\LoginUserUseCase.ts","statementMap":{"0":{"start":{"line":14,"column":12},"end":{"line":14,"column":null}},"1":{"start":{"line":15,"column":12},"end":{"line":15,"column":null}},"2":{"start":{"line":19,"column":17},"end":{"line":19,"column":null}},"3":{"start":{"line":20,"column":4},"end":{"line":22,"column":null}},"4":{"start":{"line":21,"column":6},"end":{"line":21,"column":null}},"5":{"start":{"line":24,"column":26},"end":{"line":24,"column":null}},"6":{"start":{"line":26,"column":4},"end":{"line":28,"column":null}},"7":{"start":{"line":27,"column":6},"end":{"line":27,"column":null}},"8":{"start":{"line":30,"column":4},"end":{"line":30,"column":null}}},"fnMap":{"0":{"name":"constructor","decl":{"start":{"line":13,"column":2},"end":{"line":13,"column":null}},"loc":{"start":{"line":16,"column":4},"end":{"line":16,"column":null}},"line":16},"1":{"name":"execute","decl":{"start":{"line":18,"column":8},"end":{"line":18,"column":16}},"loc":{"start":{"line":18,"column":51},"end":{"line":31,"column":null}},"line":18}},"branchMap":{"0":{"loc":{"start":{"line":20,"column":4},"end":{"line":22,"column":null}},"type":"if","locations":[{"start":{"line":20,"column":4},"end":{"line":22,"column":null}},{"start":{},"end":{}}],"line":20},"1":{"loc":{"start":{"line":26,"column":4},"end":{"line":28,"column":null}},"type":"if","locations":[{"start":{"line":26,"column":4},"end":{"line":28,"column":null}},{"start":{},"end":{}}],"line":26}},"s":{"0":3,"1":3,"2":3,"3":3,"4":1,"5":2,"6":2,"7":1,"8":1},"f":{"0":3,"1":3},"b":{"0":[1,2],"1":[1,1]},"meta":{"lastBranch":2,"lastFunction":2,"lastStatement":9,"seen":{"f:13:2:13:Infinity":0,"s:14:12:14:Infinity":0,"s:15:12:15:Infinity":1,"f:18:8:18:16":1,"s:19:17:19:Infinity":2,"b:20:4:22:Infinity:undefined:undefined:undefined:undefined":0,"s:20:4:22:Infinity":3,"s:21:6:21:Infinity":4,"s:24:26:24:Infinity":5,"b:26:4:28:Infinity:undefined:undefined:undefined:undefined":1,"s:26:4:28:Infinity":6,"s:27:6:27:Infinity":7,"s:30:4:30:Infinity":8}}}
,"C:\\Users\\Emet_\\Documents\\Proyectos\\taskflow-api\\src\\domain\\use-cases\\auth\\RegisterUserUseCase.ts": {"path":"C:\\Users\\Emet_\\Documents\\Proyectos\\taskflow-api\\src\\domain\\use-cases\\auth\\RegisterUserUseCase.ts","statementMap":{"0":{"start":{"line":13,"column":12},"end":{"line":13,"column":null}},"1":{"start":{"line":14,"column":12},"end":{"line":14,"column":null}},"2":{"start":{"line":18,"column":24},"end":{"line":18,"column":null}},"3":{"start":{"line":19,"column":4},"end":{"line":21,"column":null}},"4":{"start":{"line":20,"column":6},"end":{"line":20,"column":null}},"5":{"start":{"line":23,"column":17},"end":{"line":23,"column":null}},"6":{"start":{"line":25,"column":20},"end":{"line":32,"column":null}},"7":{"start":{"line":34,"column":4},"end":{"line":34,"column":null}},"8":{"start":{"line":36,"column":4},"end":{"line":36,"column":null}}},"fnMap":{"0":{"name":"constructor","decl":{"start":{"line":12,"column":2},"end":{"line":12,"column":null}},"loc":{"start":{"line":15,"column":4},"end":{"line":15,"column":null}},"line":15},"1":{"name":"execute","decl":{"start":{"line":17,"column":8},"end":{"line":17,"column":16}},"loc":{"start":{"line":17,"column":58},"end":{"line":37,"column":null}},"line":17}},"branchMap":{"0":{"loc":{"start":{"line":19,"column":4},"end":{"line":21,"column":null}},"type":"if","locations":[{"start":{"line":19,"column":4},"end":{"line":21,"column":null}},{"start":{},"end":{}}],"line":19}},"s":{"0":2,"1":2,"2":2,"3":2,"4":1,"5":1,"6":1,"7":1,"8":1},"f":{"0":2,"1":2},"b":{"0":[1,1]},"meta":{"lastBranch":1,"lastFunction":2,"lastStatement":9,"seen":{"f:12:2:12:Infinity":0,"s:13:12:13:Infinity":0,"s:14:12:14:Infinity":1,"f:17:8:17:16":1,"s:18:24:18:Infinity":2,"b:19:4:21:Infinity:undefined:undefined:undefined:undefined":0,"s:19:4:21:Infinity":3,"s:20:6:20:Infinity":4,"s:23:17:23:Infinity":5,"s:25:20:32:Infinity":6,"s:34:4:34:Infinity":7,"s:36:4:36:Infinity":8}}}
,"C:\\Users\\Emet_\\Documents\\Proyectos\\taskflow-api\\src\\domain\\use-cases\\comment\\AddCommentUseCase.ts": {"path":"C:\\Users\\Emet_\\Documents\\Proyectos\\taskflow-api\\src\\domain\\use-cases\\comment\\AddCommentUseCase.ts","statementMap":{"0":{"start":{"line":13,"column":22},"end":{"line":13,"column":61}},"1":{"start":{"line":16,"column":4},"end":{"line":18,"column":null}},"2":{"start":{"line":17,"column":6},"end":{"line":17,"column":null}},"3":{"start":{"line":20,"column":4},"end":{"line":22,"column":null}},"4":{"start":{"line":21,"column":6},"end":{"line":21,"column":null}},"5":{"start":{"line":24,"column":4},"end":{"line":26,"column":null}},"6":{"start":{"line":25,"column":6},"end":{"line":25,"column":null}},"7":{"start":{"line":28,"column":23},"end":{"line":34,"column":null}},"8":{"start":{"line":36,"column":4},"end":{"line":36,"column":null}},"9":{"start":{"line":38,"column":4},"end":{"line":38,"column":null}}},"fnMap":{"0":{"name":"constructor","decl":{"start":{"line":13,"column":2},"end":{"line":13,"column":14}},"loc":{"start":{"line":13,"column":61},"end":{"line":13,"column":null}},"line":13},"1":{"name":"execute","decl":{"start":{"line":15,"column":8},"end":{"line":15,"column":16}},"loc":{"start":{"line":15,"column":54},"end":{"line":39,"column":null}},"line":15}},"branchMap":{"0":{"loc":{"start":{"line":16,"column":4},"end":{"line":18,"column":null}},"type":"if","locations":[{"start":{"line":16,"column":4},"end":{"line":18,"column":null}},{"start":{},"end":{}}],"line":16},"1":{"loc":{"start":{"line":20,"column":4},"end":{"line":22,"column":null}},"type":"if","locations":[{"start":{"line":20,"column":4},"end":{"line":22,"column":null}},{"start":{},"end":{}}],"line":20},"2":{"loc":{"start":{"line":24,"column":4},"end":{"line":26,"column":null}},"type":"if","locations":[{"start":{"line":24,"column":4},"end":{"line":26,"column":null}},{"start":{},"end":{}}],"line":24}},"s":{"0":4,"1":4,"2":1,"3":3,"4":1,"5":2,"6":1,"7":1,"8":1,"9":1},"f":{"0":4,"1":4},"b":{"0":[1,3],"1":[1,2],"2":[1,1]},"meta":{"lastBranch":3,"lastFunction":2,"lastStatement":10,"seen":{"f:13:2:13:14":0,"s:13:22:13:61":0,"f:15:8:15:16":1,"b:16:4:18:Infinity:undefined:undefined:undefined:undefined":0,"s:16:4:18:Infinity":1,"s:17:6:17:Infinity":2,"b:20:4:22:Infinity:undefined:undefined:undefined:undefined":1,"s:20:4:22:Infinity":3,"s:21:6:21:Infinity":4,"b:24:4:26:Infinity:undefined:undefined:undefined:undefined":2,"s:24:4:26:Infinity":5,"s:25:6:25:Infinity":6,"s:28:23:34:Infinity":7,"s:36:4:36:Infinity":8,"s:38:4:38:Infinity":9}}}
,"C:\\Users\\Emet_\\Documents\\Proyectos\\taskflow-api\\src\\domain\\use-cases\\comment\\DeleteCommentUseCase.ts": {"path":"C:\\Users\\Emet_\\Documents\\Proyectos\\taskflow-api\\src\\domain\\use-cases\\comment\\DeleteCommentUseCase.ts","statementMap":{"0":{"start":{"line":10,"column":12},"end":{"line":10,"column":null}},"1":{"start":{"line":11,"column":12},"end":{"line":11,"column":null}},"2":{"start":{"line":15,"column":4},"end":{"line":17,"column":null}},"3":{"start":{"line":16,"column":6},"end":{"line":16,"column":null}},"4":{"start":{"line":19,"column":4},"end":{"line":21,"column":null}},"5":{"start":{"line":20,"column":6},"end":{"line":20,"column":null}},"6":{"start":{"line":23,"column":20},"end":{"line":23,"column":null}},"7":{"start":{"line":25,"column":4},"end":{"line":27,"column":null}},"8":{"start":{"line":26,"column":6},"end":{"line":26,"column":null}},"9":{"start":{"line":29,"column":17},"end":{"line":29,"column":null}},"10":{"start":{"line":31,"column":4},"end":{"line":33,"column":null}},"11":{"start":{"line":32,"column":6},"end":{"line":32,"column":null}},"12":{"start":{"line":35,"column":20},"end":{"line":35,"column":null}},"13":{"start":{"line":36,"column":21},"end":{"line":36,"column":null}},"14":{"start":{"line":38,"column":4},"end":{"line":42,"column":null}},"15":{"start":{"line":39,"column":6},"end":{"line":41,"column":null}},"16":{"start":{"line":44,"column":4},"end":{"line":44,"column":null}}},"fnMap":{"0":{"name":"constructor","decl":{"start":{"line":9,"column":2},"end":{"line":9,"column":null}},"loc":{"start":{"line":12,"column":4},"end":{"line":12,"column":null}},"line":12},"1":{"name":"execute","decl":{"start":{"line":14,"column":8},"end":{"line":14,"column":16}},"loc":{"start":{"line":14,"column":66},"end":{"line":45,"column":null}},"line":14}},"branchMap":{"0":{"loc":{"start":{"line":15,"column":4},"end":{"line":17,"column":null}},"type":"if","locations":[{"start":{"line":15,"column":4},"end":{"line":17,"column":null}},{"start":{},"end":{}}],"line":15},"1":{"loc":{"start":{"line":19,"column":4},"end":{"line":21,"column":null}},"type":"if","locations":[{"start":{"line":19,"column":4},"end":{"line":21,"column":null}},{"start":{},"end":{}}],"line":19},"2":{"loc":{"start":{"line":25,"column":4},"end":{"line":27,"column":null}},"type":"if","locations":[{"start":{"line":25,"column":4},"end":{"line":27,"column":null}},{"start":{},"end":{}}],"line":25},"3":{"loc":{"start":{"line":31,"column":4},"end":{"line":33,"column":null}},"type":"if","locations":[{"start":{"line":31,"column":4},"end":{"line":33,"column":null}},{"start":{},"end":{}}],"line":31},"4":{"loc":{"start":{"line":38,"column":4},"end":{"line":42,"column":null}},"type":"if","locations":[{"start":{"line":38,"column":4},"end":{"line":42,"column":null}},{"start":{},"end":{}}],"line":38},"5":{"loc":{"start":{"line":38,"column":8},"end":{"line":38,"column":31}},"type":"binary-expr","locations":[{"start":{"line":38,"column":8},"end":{"line":38,"column":20}},{"start":{"line":38,"column":20},"end":{"line":38,"column":31}}],"line":38}},"s":{"0":7,"1":7,"2":7,"3":1,"4":6,"5":1,"6":5,"7":5,"8":1,"9":4,"10":4,"11":1,"12":3,"13":3,"14":3,"15":1,"16":2},"f":{"0":7,"1":7},"b":{"0":[1,6],"1":[1,5],"2":[1,4],"3":[1,3],"4":[1,2],"5":[3,2]},"meta":{"lastBranch":6,"lastFunction":2,"lastStatement":17,"seen":{"f:9:2:9:Infinity":0,"s:10:12:10:Infinity":0,"s:11:12:11:Infinity":1,"f:14:8:14:16":1,"b:15:4:17:Infinity:undefined:undefined:undefined:undefined":0,"s:15:4:17:Infinity":2,"s:16:6:16:Infinity":3,"b:19:4:21:Infinity:undefined:undefined:undefined:undefined":1,"s:19:4:21:Infinity":4,"s:20:6:20:Infinity":5,"s:23:20:23:Infinity":6,"b:25:4:27:Infinity:undefined:undefined:undefined:undefined":2,"s:25:4:27:Infinity":7,"s:26:6:26:Infinity":8,"s:29:17:29:Infinity":9,"b:31:4:33:Infinity:undefined:undefined:undefined:undefined":3,"s:31:4:33:Infinity":10,"s:32:6:32:Infinity":11,"s:35:20:35:Infinity":12,"s:36:21:36:Infinity":13,"b:38:4:42:Infinity:undefined:undefined:undefined:undefined":4,"s:38:4:42:Infinity":14,"b:38:8:38:20:38:20:38:31":5,"s:39:6:41:Infinity":15,"s:44:4:44:Infinity":16}}}
,"C:\\Users\\Emet_\\Documents\\Proyectos\\taskflow-api\\src\\domain\\use-cases\\task\\AssignTaskUseCase.ts": {"path":"C:\\Users\\Emet_\\Documents\\Proyectos\\taskflow-api\\src\\domain\\use-cases\\task\\AssignTaskUseCase.ts","statementMap":{"0":{"start":{"line":6,"column":22},"end":{"line":6,"column":55}},"1":{"start":{"line":9,"column":4},"end":{"line":11,"column":null}},"2":{"start":{"line":10,"column":6},"end":{"line":10,"column":null}},"3":{"start":{"line":13,"column":4},"end":{"line":15,"column":null}},"4":{"start":{"line":14,"column":6},"end":{"line":14,"column":null}},"5":{"start":{"line":17,"column":17},"end":{"line":17,"column":null}},"6":{"start":{"line":19,"column":4},"end":{"line":21,"column":null}},"7":{"start":{"line":20,"column":6},"end":{"line":20,"column":null}},"8":{"start":{"line":23,"column":4},"end":{"line":23,"column":null}},"9":{"start":{"line":25,"column":4},"end":{"line":25,"column":null}}},"fnMap":{"0":{"name":"constructor","decl":{"start":{"line":6,"column":2},"end":{"line":6,"column":14}},"loc":{"start":{"line":6,"column":55},"end":{"line":6,"column":null}},"line":6},"1":{"name":"execute","decl":{"start":{"line":8,"column":8},"end":{"line":8,"column":16}},"loc":{"start":{"line":8,"column":63},"end":{"line":26,"column":null}},"line":8}},"branchMap":{"0":{"loc":{"start":{"line":9,"column":4},"end":{"line":11,"column":null}},"type":"if","locations":[{"start":{"line":9,"column":4},"end":{"line":11,"column":null}},{"start":{},"end":{}}],"line":9},"1":{"loc":{"start":{"line":13,"column":4},"end":{"line":15,"column":null}},"type":"if","locations":[{"start":{"line":13,"column":4},"end":{"line":15,"column":null}},{"start":{},"end":{}}],"line":13},"2":{"loc":{"start":{"line":19,"column":4},"end":{"line":21,"column":null}},"type":"if","locations":[{"start":{"line":19,"column":4},"end":{"line":21,"column":null}},{"start":{},"end":{}}],"line":19}},"s":{"0":4,"1":4,"2":1,"3":3,"4":1,"5":2,"6":2,"7":1,"8":1,"9":1},"f":{"0":4,"1":4},"b":{"0":[1,3],"1":[1,2],"2":[1,1]},"meta":{"lastBranch":3,"lastFunction":2,"lastStatement":10,"seen":{"f:6:2:6:14":0,"s:6:22:6:55":0,"f:8:8:8:16":1,"b:9:4:11:Infinity:undefined:undefined:undefined:undefined":0,"s:9:4:11:Infinity":1,"s:10:6:10:Infinity":2,"b:13:4:15:Infinity:undefined:undefined:undefined:undefined":1,"s:13:4:15:Infinity":3,"s:14:6:14:Infinity":4,"s:17:17:17:Infinity":5,"b:19:4:21:Infinity:undefined:undefined:undefined:undefined":2,"s:19:4:21:Infinity":6,"s:20:6:20:Infinity":7,"s:23:4:23:Infinity":8,"s:25:4:25:Infinity":9}}}
,"C:\\Users\\Emet_\\Documents\\Proyectos\\taskflow-api\\src\\domain\\use-cases\\task\\CreateTaskUseCase.ts": {"path":"C:\\Users\\Emet_\\Documents\\Proyectos\\taskflow-api\\src\\domain\\use-cases\\task\\CreateTaskUseCase.ts","statementMap":{"0":{"start":{"line":20,"column":12},"end":{"line":20,"column":null}},"1":{"start":{"line":21,"column":12},"end":{"line":21,"column":null}},"2":{"start":{"line":25,"column":4},"end":{"line":27,"column":null}},"3":{"start":{"line":26,"column":6},"end":{"line":26,"column":null}},"4":{"start":{"line":29,"column":4},"end":{"line":31,"column":null}},"5":{"start":{"line":30,"column":6},"end":{"line":30,"column":null}},"6":{"start":{"line":33,"column":4},"end":{"line":35,"column":null}},"7":{"start":{"line":34,"column":6},"end":{"line":34,"column":null}},"8":{"start":{"line":37,"column":4},"end":{"line":39,"column":null}},"9":{"start":{"line":38,"column":6},"end":{"line":38,"column":null}},"10":{"start":{"line":41,"column":20},"end":{"line":41,"column":null}},"11":{"start":{"line":43,"column":4},"end":{"line":45,"column":null}},"12":{"start":{"line":44,"column":6},"end":{"line":44,"column":null}},"13":{"start":{"line":47,"column":4},"end":{"line":49,"column":null}},"14":{"start":{"line":48,"column":6},"end":{"line":48,"column":null}},"15":{"start":{"line":51,"column":20},"end":{"line":59,"column":null}},"16":{"start":{"line":61,"column":4},"end":{"line":61,"column":null}},"17":{"start":{"line":63,"column":4},"end":{"line":63,"column":null}}},"fnMap":{"0":{"name":"constructor","decl":{"start":{"line":19,"column":2},"end":{"line":19,"column":null}},"loc":{"start":{"line":22,"column":4},"end":{"line":22,"column":null}},"line":22},"1":{"name":"execute","decl":{"start":{"line":24,"column":8},"end":{"line":24,"column":16}},"loc":{"start":{"line":24,"column":51},"end":{"line":64,"column":null}},"line":24}},"branchMap":{"0":{"loc":{"start":{"line":25,"column":4},"end":{"line":27,"column":null}},"type":"if","locations":[{"start":{"line":25,"column":4},"end":{"line":27,"column":null}},{"start":{},"end":{}}],"line":25},"1":{"loc":{"start":{"line":29,"column":4},"end":{"line":31,"column":null}},"type":"if","locations":[{"start":{"line":29,"column":4},"end":{"line":31,"column":null}},{"start":{},"end":{}}],"line":29},"2":{"loc":{"start":{"line":33,"column":4},"end":{"line":35,"column":null}},"type":"if","locations":[{"start":{"line":33,"column":4},"end":{"line":35,"column":null}},{"start":{},"end":{}}],"line":33},"3":{"loc":{"start":{"line":37,"column":4},"end":{"line":39,"column":null}},"type":"if","locations":[{"start":{"line":37,"column":4},"end":{"line":39,"column":null}},{"start":{},"end":{}}],"line":37},"4":{"loc":{"start":{"line":43,"column":4},"end":{"line":45,"column":null}},"type":"if","locations":[{"start":{"line":43,"column":4},"end":{"line":45,"column":null}},{"start":{},"end":{}}],"line":43},"5":{"loc":{"start":{"line":47,"column":4},"end":{"line":49,"column":null}},"type":"if","locations":[{"start":{"line":47,"column":4},"end":{"line":49,"column":null}},{"start":{},"end":{}}],"line":47}},"s":{"0":6,"1":6,"2":6,"3":1,"4":5,"5":1,"6":4,"7":1,"8":3,"9":0,"10":3,"11":3,"12":1,"13":2,"14":1,"15":1,"16":1,"17":1},"f":{"0":6,"1":6},"b":{"0":[1,5],"1":[1,4],"2":[1,3],"3":[0,3],"4":[1,2],"5":[1,1]},"meta":{"lastBranch":6,"lastFunction":2,"lastStatement":18,"seen":{"f:19:2:19:Infinity":0,"s:20:12:20:Infinity":0,"s:21:12:21:Infinity":1,"f:24:8:24:16":1,"b:25:4:27:Infinity:undefined:undefined:undefined:undefined":0,"s:25:4:27:Infinity":2,"s:26:6:26:Infinity":3,"b:29:4:31:Infinity:undefined:undefined:undefined:undefined":1,"s:29:4:31:Infinity":4,"s:30:6:30:Infinity":5,"b:33:4:35:Infinity:undefined:undefined:undefined:undefined":2,"s:33:4:35:Infinity":6,"s:34:6:34:Infinity":7,"b:37:4:39:Infinity:undefined:undefined:undefined:undefined":3,"s:37:4:39:Infinity":8,"s:38:6:38:Infinity":9,"s:41:20:41:Infinity":10,"b:43:4:45:Infinity:undefined:undefined:undefined:undefined":4,"s:43:4:45:Infinity":11,"s:44:6:44:Infinity":12,"b:47:4:49:Infinity:undefined:undefined:undefined:undefined":5,"s:47:4:49:Infinity":13,"s:48:6:48:Infinity":14,"s:51:20:59:Infinity":15,"s:61:4:61:Infinity":16,"s:63:4:63:Infinity":17}}}
,"C:\\Users\\Emet_\\Documents\\Proyectos\\taskflow-api\\src\\domain\\use-cases\\task\\GetTaskByIdUseCase.ts": {"path":"C:\\Users\\Emet_\\Documents\\Proyectos\\taskflow-api\\src\\domain\\use-cases\\task\\GetTaskByIdUseCase.ts","statementMap":{"0":{"start":{"line":7,"column":22},"end":{"line":7,"column":55}},"1":{"start":{"line":10,"column":4},"end":{"line":12,"column":null}},"2":{"start":{"line":11,"column":6},"end":{"line":11,"column":null}},"3":{"start":{"line":14,"column":17},"end":{"line":14,"column":null}},"4":{"start":{"line":16,"column":4},"end":{"line":18,"column":null}},"5":{"start":{"line":17,"column":6},"end":{"line":17,"column":null}},"6":{"start":{"line":20,"column":4},"end":{"line":20,"column":null}}},"fnMap":{"0":{"name":"constructor","decl":{"start":{"line":7,"column":2},"end":{"line":7,"column":14}},"loc":{"start":{"line":7,"column":55},"end":{"line":7,"column":null}},"line":7},"1":{"name":"execute","decl":{"start":{"line":9,"column":8},"end":{"line":9,"column":16}},"loc":{"start":{"line":9,"column":43},"end":{"line":21,"column":null}},"line":9}},"branchMap":{"0":{"loc":{"start":{"line":10,"column":4},"end":{"line":12,"column":null}},"type":"if","locations":[{"start":{"line":10,"column":4},"end":{"line":12,"column":null}},{"start":{},"end":{}}],"line":10},"1":{"loc":{"start":{"line":16,"column":4},"end":{"line":18,"column":null}},"type":"if","locations":[{"start":{"line":16,"column":4},"end":{"line":18,"column":null}},{"start":{},"end":{}}],"line":16}},"s":{"0":3,"1":3,"2":1,"3":2,"4":2,"5":1,"6":1},"f":{"0":3,"1":3},"b":{"0":[1,2],"1":[1,1]},"meta":{"lastBranch":2,"lastFunction":2,"lastStatement":7,"seen":{"f:7:2:7:14":0,"s:7:22:7:55":0,"f:9:8:9:16":1,"b:10:4:12:Infinity:undefined:undefined:undefined:undefined":0,"s:10:4:12:Infinity":1,"s:11:6:11:Infinity":2,"s:14:17:14:Infinity":3,"b:16:4:18:Infinity:undefined:undefined:undefined:undefined":1,"s:16:4:18:Infinity":4,"s:17:6:17:Infinity":5,"s:20:4:20:Infinity":6}}}
,"C:\\Users\\Emet_\\Documents\\Proyectos\\taskflow-api\\src\\domain\\use-cases\\task\\ListTasksByProjectUseCase.ts": {"path":"C:\\Users\\Emet_\\Documents\\Proyectos\\taskflow-api\\src\\domain\\use-cases\\task\\ListTasksByProjectUseCase.ts","statementMap":{"0":{"start":{"line":19,"column":22},"end":{"line":19,"column":55}},"1":{"start":{"line":22,"column":4},"end":{"line":24,"column":null}},"2":{"start":{"line":23,"column":6},"end":{"line":23,"column":null}},"3":{"start":{"line":26,"column":4},"end":{"line":26,"column":null}}},"fnMap":{"0":{"name":"constructor","decl":{"start":{"line":19,"column":2},"end":{"line":19,"column":14}},"loc":{"start":{"line":19,"column":55},"end":{"line":19,"column":null}},"line":19},"1":{"name":"execute","decl":{"start":{"line":21,"column":8},"end":{"line":21,"column":16}},"loc":{"start":{"line":21,"column":53},"end":{"line":27,"column":null}},"line":21}},"branchMap":{"0":{"loc":{"start":{"line":22,"column":4},"end":{"line":24,"column":null}},"type":"if","locations":[{"start":{"line":22,"column":4},"end":{"line":24,"column":null}},{"start":{},"end":{}}],"line":22}},"s":{"0":2,"1":2,"2":1,"3":1},"f":{"0":2,"1":2},"b":{"0":[1,1]},"meta":{"lastBranch":1,"lastFunction":2,"lastStatement":4,"seen":{"f:19:2:19:14":0,"s:19:22:19:55":0,"f:21:8:21:16":1,"b:22:4:24:Infinity:undefined:undefined:undefined:undefined":0,"s:22:4:24:Infinity":1,"s:23:6:23:Infinity":2,"s:26:4:26:Infinity":3}}}
,"C:\\Users\\Emet_\\Documents\\Proyectos\\taskflow-api\\src\\domain\\use-cases\\task\\UpdateTaskStatusUseCase.ts": {"path":"C:\\Users\\Emet_\\Documents\\Proyectos\\taskflow-api\\src\\domain\\use-cases\\task\\UpdateTaskStatusUseCase.ts","statementMap":{"0":{"start":{"line":12,"column":22},"end":{"line":12,"column":55}},"1":{"start":{"line":15,"column":4},"end":{"line":17,"column":null}},"2":{"start":{"line":16,"column":6},"end":{"line":16,"column":null}},"3":{"start":{"line":19,"column":4},"end":{"line":21,"column":null}},"4":{"start":{"line":20,"column":6},"end":{"line":20,"column":null}},"5":{"start":{"line":23,"column":17},"end":{"line":23,"column":null}},"6":{"start":{"line":25,"column":4},"end":{"line":27,"column":null}},"7":{"start":{"line":26,"column":6},"end":{"line":26,"column":null}},"8":{"start":{"line":29,"column":4},"end":{"line":29,"column":null}},"9":{"start":{"line":31,"column":4},"end":{"line":31,"column":null}}},"fnMap":{"0":{"name":"constructor","decl":{"start":{"line":12,"column":2},"end":{"line":12,"column":14}},"loc":{"start":{"line":12,"column":55},"end":{"line":12,"column":null}},"line":12},"1":{"name":"execute","decl":{"start":{"line":14,"column":8},"end":{"line":14,"column":16}},"loc":{"start":{"line":14,"column":51},"end":{"line":32,"column":null}},"line":14}},"branchMap":{"0":{"loc":{"start":{"line":15,"column":4},"end":{"line":17,"column":null}},"type":"if","locations":[{"start":{"line":15,"column":4},"end":{"line":17,"column":null}},{"start":{},"end":{}}],"line":15},"1":{"loc":{"start":{"line":19,"column":4},"end":{"line":21,"column":null}},"type":"if","locations":[{"start":{"line":19,"column":4},"end":{"line":21,"column":null}},{"start":{},"end":{}}],"line":19},"2":{"loc":{"start":{"line":25,"column":4},"end":{"line":27,"column":null}},"type":"if","locations":[{"start":{"line":25,"column":4},"end":{"line":27,"column":null}},{"start":{},"end":{}}],"line":25}},"s":{"0":3,"1":3,"2":1,"3":2,"4":0,"5":2,"6":2,"7":1,"8":1,"9":1},"f":{"0":3,"1":3},"b":{"0":[1,2],"1":[0,2],"2":[1,1]},"meta":{"lastBranch":3,"lastFunction":2,"lastStatement":10,"seen":{"f:12:2:12:14":0,"s:12:22:12:55":0,"f:14:8:14:16":1,"b:15:4:17:Infinity:undefined:undefined:undefined:undefined":0,"s:15:4:17:Infinity":1,"s:16:6:16:Infinity":2,"b:19:4:21:Infinity:undefined:undefined:undefined:undefined":1,"s:19:4:21:Infinity":3,"s:20:6:20:Infinity":4,"s:23:17:23:Infinity":5,"b:25:4:27:Infinity:undefined:undefined:undefined:undefined":2,"s:25:4:27:Infinity":6,"s:26:6:26:Infinity":7,"s:29:4:29:Infinity":8,"s:31:4:31:Infinity":9}}}
,"C:\\Users\\Emet_\\Documents\\Proyectos\\taskflow-api\\src\\domain\\value-objects\\Priority.ts": {"path":"C:\\Users\\Emet_\\Documents\\Proyectos\\taskflow-api\\src\\domain\\value-objects\\Priority.ts","statementMap":{"0":{"start":{"line":1,"column":24},"end":{"line":6,"column":null}},"1":{"start":{"line":10,"column":31},"end":{"line":10,"column":null}}},"fnMap":{},"branchMap":{},"s":{"0":8,"1":8},"f":{},"b":{},"meta":{"lastBranch":0,"lastFunction":0,"lastStatement":2,"seen":{"s:1:24:6:Infinity":0,"s:10:31:10:Infinity":1}}}
,"C:\\Users\\Emet_\\Documents\\Proyectos\\taskflow-api\\src\\domain\\value-objects\\ProjectStatus.ts": {"path":"C:\\Users\\Emet_\\Documents\\Proyectos\\taskflow-api\\src\\domain\\value-objects\\ProjectStatus.ts","statementMap":{"0":{"start":{"line":1,"column":30},"end":{"line":4,"column":null}}},"fnMap":{},"branchMap":{},"s":{"0":5},"f":{},"b":{},"meta":{"lastBranch":0,"lastFunction":0,"lastStatement":1,"seen":{"s:1:30:4:Infinity":0}}}
,"C:\\Users\\Emet_\\Documents\\Proyectos\\taskflow-api\\src\\domain\\value-objects\\TaskStatus.ts": {"path":"C:\\Users\\Emet_\\Documents\\Proyectos\\taskflow-api\\src\\domain\\value-objects\\TaskStatus.ts","statementMap":{"0":{"start":{"line":1,"column":27},"end":{"line":6,"column":null}},"1":{"start":{"line":10,"column":34},"end":{"line":10,"column":null}}},"fnMap":{},"branchMap":{},"s":{"0":8,"1":8},"f":{},"b":{},"meta":{"lastBranch":0,"lastFunction":0,"lastStatement":2,"seen":{"s:1:27:6:Infinity":0,"s:10:34:10:Infinity":1}}}
,"C:\\Users\\Emet_\\Documents\\Proyectos\\taskflow-api\\src\\domain\\value-objects\\UserRole.ts": {"path":"C:\\Users\\Emet_\\Documents\\Proyectos\\taskflow-api\\src\\domain\\value-objects\\UserRole.ts","statementMap":{"0":{"start":{"line":1,"column":25},"end":{"line":4,"column":null}},"1":{"start":{"line":8,"column":32},"end":{"line":8,"column":null}}},"fnMap":{},"branchMap":{},"s":{"0":8,"1":8},"f":{},"b":{},"meta":{"lastBranch":0,"lastFunction":0,"lastStatement":2,"seen":{"s:1:25:4:Infinity":0,"s:8:32:8:Infinity":1}}}
}
